Chunk 5600-27500 -> dj_part_1d.csv
[5649/27500] slowed + reverb saved 50
[5699/27500] FS Green saved 100
[5749/27500] Sylvan Esso saved 150
[5799/27500] glue70 saved 200
[5849/27500] Aitne saved 250
[5899/27500] Full Presence saved 300
[5949/27500] CocoSA saved 350
[5999/27500] Versano saved 400
[6049/27500] Josephine saved 450
[6099/27500] MYRNE saved 500
[6149/27500] Sunset-buff saved 550
[6199/27500] Rola Young saved 600
[6249/27500] Labyrinth Ear saved 650
[6299/27500] Polux saved 700
[6349/27500] Beats Pliz saved 750
[6399/27500] Art of Dying saved 800
[6449/27500] Blundetto saved 850
[6499/27500] Dannic saved 900
[6549/27500] Alice saved 950
[6599/27500] Saimon Music saved 1000
[6649/27500] Like Buraq saved 1050
[6699/27500] Saimöö saved 1100
[6749/27500] Vashone saved 1150
[6799/27500] Dosem saved 1200
[6849/27500] Festen saved 1250
[6899/27500] MXEEN saved 1300
[6949/27500] rshand saved 1350
[6999/27500] TMPL saved 1400
[7049/27500] MFR Souls saved 1450
[7099/27500] JL SA saved 1500
[7149/27500] Conrado saved 1550
[7199/27500] m.o.v.e saved 1600
[7249/27500] Matthew Herbert saved 1650
[7299/27500] T. Powell saved 1700
[7349/27500] Blockhead saved 1750
[7399/27500] Bibiane Z saved 1800
[7449/27500] Njabulo Langa saved 1850
[7499/27500] Adrenalize saved 1900
[7549/27500] gladde paling saved 1950
[7599/27500] wavvzz saved 2000
[7649/27500] John W saved 2050
[7699/27500] Sweet Nature saved 2100
[7749/27500] SeeYa saved 2150
[7799/27500] Bee saved 2200
[7849/27500] Hektic Squad saved 2250
[7899/27500] Kiggo saved 2300
[7949/27500] Nicolas Haelg saved 2350
[7999/27500] DJ DAXSHADOW saved 2400
[8049/27500] Radio Pluvialis saved 2450
[8099/27500] YK FVNKY saved 2500
[8149/27500] TUS saved 2550
[8199/27500] DJ Hardik saved 2600
[8249/27500] Yusuf Ekşioğlu saved 2650
[8299/27500] Leftwing : Kody saved 2700
[8349/27500] Sundial saved 2750
[8399/27500] Dr. Stu saved 2800
[8449/27500] KayGee DaKing saved 2850
[8499/27500] Dan Zamani saved 2900
[8549/27500] Thermal Element saved 2950
[8599/27500] Porches saved 3000
[8649/27500] Yohan Gerber saved 3050
[8699/27500] Quest saved 3100
[8749/27500] José Padilla saved 3150
[8799/27500] LAUWEND saved 3200
[8849/27500] Trenti saved 3250
[8899/27500] Jess Ball saved 3300
[8949/27500] Ben Kim saved 3350
[8999/27500] Leonid Antonov saved 3400
[9049/27500] Ahmed Helmy saved 3450
[9099/27500] Xtofa saved 3500
[9149/27500] Ryllz saved 3550
[9199/27500] Tree Nomads saved 3600
[9249/27500] Oasis of Sleep saved 3650
[9299/27500] Audion saved 3700
[9349/27500] Le Motel saved 3750
[9399/27500] Elsiane saved 3800
[9449/27500] Alex Anwandter saved 3850
[9499/27500] Tom Hygge saved 3900
[9549/27500] Dj Judi saved 3950
[9599/27500] Keynote saved 4000
