Chunk 30850-50000 -> dj_part_2c.csv
[30899/50000] Horsh kee saved 50
[30949/50000] Rena Jones saved 100
[30999/50000] Igor Garanin saved 150
[31049/50000] Edu Sitepu XDS saved 200
[31099/50000] Haraldur Bergljót saved 250
[31149/50000] Manish Joshi saved 300
[31199/50000] Eaglepex saved 350
[31249/50000] Kate Project saved 400
[31299/50000] Kcik saved 450
[31349/50000] Parvez saved 500
[31399/50000] iTAL tEK saved 550
[31449/50000] instant era saved 600
[31499/50000] Sabura saved 650
[31549/50000] Bobby D'Ambrosio saved 700
[31599/50000] Yusomage saved 750
[31649/50000] Vivek Singh saved 800
[31699/50000] Cheesy Vibes saved 850
[31749/50000] Dj Marcelo saved 900
[31799/50000] Kathryn Gallagher saved 950
[31849/50000] El Speaker saved 1000
[31899/50000] The Eastern Man saved 1050
[31949/50000] URCHN saved 1100
[31999/50000] Eliot Lipp saved 1150
[32049/50000] Pure Obsessions & Red Nights saved 1200
[32099/50000] Latencies saved 1250
[32149/50000] Jabarov saved 1300
[32199/50000] OnenO saved 1350
[32249/50000] Kasper saved 1400
[32299/50000] Dj Fronter saved 1450
[32349/50000] T-Zone saved 1500
[32399/50000] Edge of Universe saved 1550
[32449/50000] Aman Sumal saved 1600
[32499/50000] FINIVOID saved 1650
[32549/50000] REKALL saved 1700
[32599/50000] Softboy7 saved 1750
[32649/50000] Obaid khan music saved 1800
[32699/50000] Mario Reyes saved 1850
[32749/50000] PressPlays saved 1900
[32799/50000] MC Johnny Def saved 1950
[32849/50000] Ultra Music saved 2000
[32899/50000] Stiig saved 2050
[32949/50000] Michael Bravo saved 2100
[32999/50000] Benno de Goeij saved 2150
[33049/50000] Hendra 98 Remix saved 2200
[33099/50000] Fabian Riveros saved 2250
[33149/50000] KABEAUSHÉ saved 2300
[33199/50000] Ijan Zagorsky saved 2350
[33249/50000] Laurie Spiegel saved 2400
[33299/50000] Lintrepy saved 2450
[33349/50000] DUH PROJECT saved 2500
[33399/50000] MARIANGELA saved 2550
[33449/50000] Stylko saved 2600
[33499/50000] Parade Ground saved 2650
[33549/50000] Yoto saved 2700
[33599/50000] Slow Mafia saved 2750
[33649/50000] Zeitverschiebung saved 2800
[33699/50000] Alle Benassi saved 2850
[33749/50000] Royal Inc. saved 2900
[33799/50000] ZAYAZ saved 2950
[33849/50000] Carlos Marin saved 3000
[33899/50000] Roni Griffith saved 3050
[33949/50000] Vazard saved 3100
[33999/50000] Did Virgo saved 3150
[34049/50000] Cinema Kid saved 3200
[34099/50000] Kareem Raihani saved 3250
[34149/50000] Jodie Poye saved 3300
[34199/50000] Experience Nature saved 3350
[34249/50000] Poonam Sahu saved 3400
[34299/50000] Farsi saved 3450
[34349/50000] P Nut saved 3500
[34399/50000] D14 saved 3550
[34449/50000] Kevin Aleksander saved 3600
[34499/50000] Furniture saved 3650
[34549/50000] Kaleptik saved 3700
[34599/50000] Velabeats saved 3750
[34649/50000] Black Power saved 3800
[34699/50000] Penguen Dansı saved 3850
[34749/50000] Alexander Komarov saved 3900
[34799/50000] Alexara saved 3950
