2026-01-31 01:43:52,406 [INFO] Loading female_singers_enriched.csv...
2026-01-31 01:43:52,416 [INFO] Loaded 1471 rows
2026-01-31 01:43:55,471 [INFO] Enriched: Halacg -> ['twitter', 'instagram']
2026-01-31 01:43:58,224 [INFO] Enriched: Haviah Mighty -> ['twitter']
2026-01-31 01:44:01,189 [INFO] Enriched: DENȲ -> ['website']
2026-01-31 01:44:04,154 [INFO] Enriched: Noga Erez -> ['website', 'twitter', 'facebook', 'instagram', 'tiktok']
2026-01-31 01:44:07,083 [INFO] Enriched: Awich -> ['website', 'twitter', 'facebook', 'instagram']
2026-01-31 01:44:09,921 [INFO] Enriched: Mila J -> ['twitter', 'facebook', 'instagram']
2026-01-31 01:44:15,306 [INFO] Enriched: Samantha Machado -> ['facebook', 'instagram']
2026-01-31 01:44:18,128 [INFO] Enriched: Domiziana -> ['instagram', 'tiktok']
2026-01-31 01:44:23,574 [INFO] Enriched: Kat Dahlia -> ['website', 'twitter', 'facebook']
2026-01-31 01:44:26,439 [INFO] Enriched: Mallrat -> ['website', 'twitter', 'facebook', 'instagram']
2026-01-31 01:44:29,100 [INFO] Enriched: kouth -> ['twitter', 'instagram']
2026-01-31 01:44:38,604 [INFO] Enriched: Shanice -> ['website']
2026-01-31 01:44:41,369 [INFO] Enriched: Foxy Brown -> ['twitter']
2026-01-31 01:44:48,006 [INFO] Enriched: Tabitha -> ['facebook', 'instagram', 'tiktok']
2026-01-31 01:44:52,205 [INFO] Enriched: Carolesdaughter -> ['website', 'facebook', 'instagram']
2026-01-31 01:45:09,527 [INFO] Enriched: Chevy -> ['facebook']
2026-01-31 01:45:12,188 [INFO] Enriched: Sheryfa Luna -> ['website', 'twitter', 'facebook']
2026-01-31 01:45:16,305 [INFO] Enriched: Mia Boyka -> ['twitter', 'website', 'instagram']
2026-01-31 01:45:20,322 [INFO] Enriched: Liana Malva -> ['website', 'facebook', 'instagram']
2026-01-31 01:45:23,098 [INFO] Enriched: Shay -> ['twitter', 'facebook', 'instagram']
2026-01-31 01:45:25,758 [INFO] Enriched: La Zowi -> ['twitter', 'instagram']
2026-01-31 01:45:31,074 [INFO] Enriched: JGrrey -> ['website', 'twitter', 'facebook', 'instagram']
2026-01-31 01:45:36,525 [INFO] Enriched: Instasamka -> ['website', 'facebook', 'instagram']
2026-01-31 01:45:39,280 [INFO] Enriched: Kenza Farah -> ['website']
2026-01-31 01:45:42,037 [INFO] Enriched: Shells -> ['website', 'twitter']
2026-01-31 01:45:44,818 [INFO] Enriched: Jolle -> ['instagram', 'tiktok']
2026-01-31 01:45:55,601 [INFO] Enriched: Zae -> ['instagram']
2026-01-31 01:45:55,626 [INFO] Saved (50 processed, 27 enriched)
2026-01-31 01:45:58,566 [INFO] Enriched: Trina -> ['website', 'twitter', 'facebook']
2026-01-31 01:46:03,950 [INFO] Enriched: Lady Kash -> ['website', 'twitter', 'facebook', 'instagram']
2026-01-31 01:46:15,093 [INFO] Enriched: Milly -> ['website']
2026-01-31 01:46:17,973 [INFO] Enriched: K. Michelle -> ['website', 'twitter', 'facebook', 'instagram']
2026-01-31 01:46:20,791 [INFO] Enriched: Joseline Hernandez -> ['twitter', 'facebook', 'instagram']
2026-01-31 01:54:37,343 [INFO] Enriched: Jorjiana -> ['instagram']
2026-01-31 01:54:42,269 [INFO] Enriched: Mori Calliope -> ['twitter', 'tiktok']
2026-01-31 01:54:45,185 [INFO] Enriched: Dess Dior -> ['twitter']
2026-01-31 01:54:47,932 [INFO] Enriched: VAGUE003 -> ['instagram']
2026-01-31 01:54:50,968 [INFO] Enriched: DEAD BLONDE -> ['instagram']
2026-01-31 01:54:53,703 [INFO] Enriched: Baby K -> ['website', 'twitter', 'facebook', 'instagram']
2026-01-31 01:54:59,248 [INFO] Enriched: SkyDxddy -> ['facebook', 'instagram', 'tiktok']
2026-01-31 01:55:02,030 [INFO] Enriched: ELIF -> ['website', 'twitter', 'facebook']
2026-01-31 01:55:04,709 [INFO] Enriched: PLAYAMANE -> ['instagram']
2026-01-31 01:55:07,449 [INFO] Enriched: Stunna Girl -> ['instagram']
2026-01-31 01:55:10,409 [INFO] Enriched: Wonderframe -> ['tiktok']
2026-01-31 01:55:15,843 [INFO] Enriched: La Insuperable -> ['facebook', 'instagram']
2026-01-31 01:55:24,171 [INFO] Enriched: Tkay Maidza -> ['website', 'twitter', 'facebook', 'instagram']
2026-01-31 01:55:27,129 [INFO] Enriched: Lil Mama -> ['website']
2026-01-31 01:55:29,866 [INFO] Enriched: Nath -> ['facebook', 'instagram']
2026-01-31 01:55:32,870 [INFO] Enriched: Rapsody -> ['website', 'twitter', 'facebook']
2026-01-31 01:55:35,687 [INFO] Enriched: Qveen Herby -> ['website', 'twitter', 'facebook', 'instagram']
2026-01-31 01:55:38,469 [INFO] Enriched: Kreayshawn -> ['website', 'twitter']
2026-01-31 01:55:41,469 [INFO] Enriched: Babyxsosa -> ['website', 'instagram']
2026-01-31 01:55:44,250 [INFO] Enriched: Dreezy -> ['twitter', 'facebook', 'instagram']
2026-01-31 01:55:47,063 [INFO] Enriched: AYDEED -> ['website', 'twitter', 'facebook', 'instagram']
2026-01-31 01:55:49,811 [INFO] Enriched: the buttress -> ['twitter', 'facebook', 'instagram']
2026-01-31 01:55:52,567 [INFO] Enriched: Saramalacara -> ['twitter', 'facebook', 'instagram']
2026-01-31 01:55:55,368 [INFO] Enriched: bludnymph -> ['twitter']
2026-01-31 01:55:58,177 [INFO] Enriched: Lyna Mahyem -> ['twitter', 'facebook', 'instagram']
2026-01-31 01:56:04,504 [INFO] Enriched: Queen Key -> ['twitter', 'instagram']
2026-01-31 01:56:07,286 [INFO] Enriched: Uffie -> ['website', 'twitter', 'facebook', 'instagram']
2026-01-31 01:56:10,176 [INFO] Enriched: KenTheMan -> ['instagram']
2026-01-31 01:56:15,504 [INFO] Enriched: Emily -> ['website', 'instagram', 'tiktok']
2026-01-31 01:56:18,334 [INFO] Enriched: Lucian -> ['twitter', 'facebook', 'instagram']
2026-01-31 01:56:21,092 [INFO] Enriched: Tweet -> ['website']
2026-01-31 01:56:26,414 [INFO] Enriched: Nosgov -> ['instagram']
2026-01-31 01:56:29,285 [INFO] Enriched: John Glacier -> ['instagram']
2026-01-31 01:56:29,286 [INFO] [100 processed, 65 enriched] Checking: Flyana Boss
2026-01-31 01:56:37,476 [INFO] Enriched: Dina Ayada -> ['facebook', 'instagram']
2026-01-31 01:56:40,181 [INFO] Enriched: Kamaiyah -> ['website', 'twitter', 'facebook', 'instagram', 'tiktok']
2026-01-31 01:56:42,883 [INFO] Enriched: Tuli -> ['twitter', 'instagram']
2026-01-31 01:56:56,232 [INFO] Enriched: KiNG MALA -> ['website', 'twitter', 'facebook', 'instagram', 'tiktok']
2026-01-31 01:56:59,183 [INFO] Enriched: Sampa the Great -> ['website', 'twitter', 'facebook', 'instagram']
2026-01-31 01:57:02,011 [INFO] Enriched: Bahamadia -> ['website']
2026-01-31 01:57:04,709 [INFO] Enriched: Banshee -> ['website', 'twitter', 'instagram']
2026-01-31 01:57:10,133 [INFO] Enriched: Kolera -> ['twitter', 'facebook', 'instagram']
2026-01-31 01:57:12,784 [INFO] Enriched: Mushkaa -> ['website', 'twitter', 'instagram']
2026-01-31 01:57:15,514 [INFO] Enriched: alyona alyona -> ['facebook', 'instagram']
2026-01-31 01:57:26,631 [INFO] Enriched: Da Brat -> ['instagram']
2026-01-31 01:57:29,395 [INFO] Enriched: Kash Doll -> ['website', 'twitter', 'facebook', 'instagram']
2026-01-31 01:57:35,026 [INFO] Enriched: Lola Brooke -> ['twitter', 'facebook', 'instagram']
2026-01-31 01:57:37,749 [INFO] Enriched: Doda -> ['twitter']
2026-01-31 01:57:44,422 [INFO] Enriched: Noname -> ['website', 'twitter', 'facebook', 'instagram']
2026-01-31 01:57:47,131 [INFO] Enriched: Yara -> ['facebook']
2026-01-31 01:57:49,804 [INFO] Enriched: Beth Gibbons -> ['website', 'twitter', 'facebook', 'instagram']
2026-01-31 01:57:52,459 [INFO] Enriched: Juicy BAE -> ['instagram']
2026-01-31 01:57:55,300 [INFO] Enriched: Amari -> ['website']
2026-01-31 01:57:57,984 [INFO] Enriched: Alies -> ['instagram']
2026-01-31 01:58:00,730 [INFO] Enriched: Ms Banks -> ['facebook', 'instagram']
2026-01-31 01:58:03,405 [INFO] Enriched: Anike -> ['website', 'twitter', 'facebook', 'instagram']
2026-01-31 01:58:06,318 [INFO] Enriched: Nivea -> ['website']
2026-01-31 01:58:09,230 [INFO] Enriched: Elohim -> ['website', 'twitter', 'facebook', 'instagram']
2026-01-31 01:58:11,942 [INFO] Enriched: Yarea -> ['twitter']
2026-01-31 01:58:20,009 [INFO] Enriched: Alexia -> ['website', 'facebook', 'instagram']
2026-01-31 01:58:25,427 [INFO] Enriched: ALT BLK ERA -> ['website', 'twitter', 'facebook', 'instagram', 'tiktok']
2026-01-31 01:58:33,492 [INFO] Enriched: Juyè -> ['facebook']
2026-01-31 01:58:36,407 [INFO] Enriched: Miraa May -> ['website', 'twitter', 'facebook', 'instagram']
2026-01-31 01:58:39,439 [INFO] Enriched: Schwesta Ewa -> ['website', 'twitter', 'facebook', 'instagram', 'tiktok']
2026-01-31 01:58:46,507 [INFO] Enriched: Katja Krasavice -> ['website', 'facebook', 'instagram', 'tiktok', 'twitter']
2026-01-31 01:58:46,533 [INFO] Saved (150 processed, 96 enriched)
2026-01-31 01:58:49,197 [INFO] Enriched: Leys -> ['facebook', 'instagram']
2026-01-31 01:58:51,970 [INFO] Enriched: KARRAHBOOO -> ['twitter', 'instagram']
2026-01-31 01:58:54,672 [INFO] Enriched: Rockell -> ['website']
2026-01-31 01:58:58,690 [INFO] Enriched: Numidia -> ['instagram']
2026-01-31 01:59:01,404 [INFO] Enriched: Truth Hurts -> ['website', 'facebook', 'instagram']
2026-01-31 01:59:04,595 [INFO] Enriched: Nessi -> ['website', 'twitter', 'facebook', 'instagram', 'tiktok']
2026-01-31 01:59:12,803 [INFO] Enriched: Laeti -> ['instagram']
2026-01-31 01:59:16,595 [INFO] Enriched: Chloe Flower -> ['website', 'twitter', 'facebook', 'instagram']
2026-01-31 01:59:19,445 [INFO] Enriched: Sophie Hunter -> ['instagram', 'tiktok']
2026-01-31 01:59:22,251 [INFO] Enriched: Cookiee Kawaii -> ['website', 'twitter', 'facebook', 'instagram', 'tiktok']
2026-01-31 01:59:25,011 [INFO] Enriched: Lil Kayla -> ['twitter', 'instagram']
2026-01-31 01:59:30,639 [INFO] Enriched: Paula DeAnda -> ['website', 'twitter']
2026-01-31 01:59:33,521 [INFO] Enriched: Lianna -> ['website', 'twitter', 'facebook', 'instagram']
2026-01-31 01:59:36,337 [INFO] Enriched: AGNEZ MO -> ['website', 'twitter', 'facebook', 'instagram']
2026-01-31 01:59:39,175 [INFO] Enriched: Tessa -> ['instagram']
2026-01-31 01:59:41,964 [INFO] Enriched: Nenny -> ['facebook', 'instagram']
2026-01-31 01:59:45,915 [INFO] Enriched: Etta -> ['website', 'facebook', 'instagram', 'tiktok']
2026-01-31 01:59:48,971 [INFO] Enriched: BESS -> ['facebook', 'instagram', 'tiktok']
2026-01-31 01:59:57,067 [INFO] Enriched: ADORA -> ['twitter', 'instagram']
2026-01-31 01:59:59,995 [INFO] Enriched: La Zarra -> ['website', 'twitter', 'facebook', 'instagram']
2026-01-31 02:00:02,794 [INFO] Enriched: Tatarka -> ['twitter', 'instagram']
2026-01-31 02:00:05,966 [INFO] Enriched: Layla -> ['instagram']
2026-01-31 02:00:08,725 [INFO] Enriched: Dominika Mirgova -> ['website']
2026-01-31 02:00:12,476 [INFO] Enriched: Big Freedia -> ['website', 'twitter', 'facebook', 'instagram']
2026-01-31 02:00:18,021 [INFO] Enriched: ISSBROKIE -> ['twitter', 'instagram']
2026-01-31 02:00:20,753 [INFO] Enriched: Jupiluxe -> ['twitter', 'instagram']
2026-01-31 02:00:23,420 [INFO] Enriched: Abreu -> ['twitter', 'facebook', 'instagram']
2026-01-31 02:00:26,153 [INFO] Enriched: Lous and The Yakuza -> ['facebook', 'instagram']
2026-01-31 02:00:28,975 [INFO] Enriched: Cortisa Star -> ['twitter', 'instagram', 'tiktok']
2026-01-31 02:00:32,185 [INFO] Enriched: Gabylonia -> ['website', 'twitter', 'facebook', 'instagram']
2026-01-31 02:00:34,875 [INFO] Enriched: Sukihana -> ['twitter', 'instagram']
2026-01-31 02:00:37,563 [INFO] Enriched: PiNKII -> ['twitter', 'instagram', 'tiktok']
2026-01-31 02:00:43,168 [INFO] Enriched: Ojerime -> ['website', 'twitter']
2026-01-31 02:00:45,859 [INFO] Enriched: Florentina -> ['facebook', 'instagram']
2026-01-31 02:00:48,843 [INFO] Enriched: 9m88 -> ['website', 'facebook', 'instagram']
2026-01-31 02:00:51,632 [INFO] Enriched: FendiDa Rappa -> ['website', 'twitter']
2026-01-31 02:00:59,772 [INFO] Enriched: Delia -> ['website', 'twitter', 'facebook', 'instagram', 'tiktok']
2026-01-31 02:01:02,645 [INFO] [200 processed, 133 enriched] Checking: Jocelyn Enriquez
2026-01-31 02:01:08,287 [INFO] Enriched: Jessica Rothe -> ['instagram', 'facebook', 'twitter']
2026-01-31 02:01:13,778 [INFO] Enriched: Suran -> ['twitter', 'facebook', 'instagram']
2026-01-31 02:01:21,064 [INFO] Enriched: Emilia McCarthy -> ['twitter', 'instagram']
2026-01-31 02:01:23,885 [INFO] Enriched: Nura -> ['website', 'twitter', 'facebook', 'instagram', 'tiktok']
2026-01-31 02:01:26,900 [INFO] Enriched: Melii -> ['twitter', 'facebook', 'instagram']
2026-01-31 02:01:31,033 [INFO] Enriched: Analy -> ['twitter', 'facebook']
2026-01-31 02:01:33,793 [INFO] Enriched: Ness -> ['twitter', 'facebook', 'instagram']
2026-01-31 02:01:36,778 [INFO] Enriched: Josey -> ['facebook', 'instagram']
2026-01-31 02:01:44,970 [INFO] Enriched: Ledbyher -> ['instagram']
2026-01-31 02:01:47,699 [INFO] Enriched: Marino -> ['website']
2026-01-31 02:01:50,525 [INFO] Enriched: Sally Sossa -> ['twitter', 'instagram']
2026-01-31 02:01:53,175 [INFO] Enriched: DaChoyce -> ['instagram']
2026-01-31 02:01:56,016 [INFO] Enriched: Kodie Shane -> ['website', 'twitter', 'facebook', 'instagram']
2026-01-31 02:02:01,432 [INFO] Enriched: Hollyn -> ['website', 'twitter', 'facebook', 'instagram']
2026-01-31 02:02:04,194 [INFO] Enriched: berryblue -> ['instagram', 'tiktok']
2026-01-31 02:02:09,794 [INFO] Enriched: Leikeli47 -> ['website', 'twitter', 'facebook']
2026-01-31 02:02:13,839 [INFO] Enriched: Tay Money -> ['twitter', 'facebook', 'instagram']
2026-01-31 02:02:16,692 [INFO] Enriched: Baby B3ns -> ['instagram', 'tiktok']
2026-01-31 02:02:19,350 [INFO] Enriched: Wendy Shay -> ['website']
2026-01-31 02:02:24,650 [INFO] Enriched: Lexa Gates -> ['website', 'twitter', 'instagram']
2026-01-31 02:02:27,375 [INFO] Enriched: Fiona Palomo -> ['instagram']
2026-01-31 02:02:30,238 [INFO] Enriched: Ky akasha -> ['instagram']
2026-01-31 02:02:38,448 [INFO] Enriched: Brooke Candy -> ['website', 'twitter', 'facebook', 'instagram']
2026-01-31 02:02:41,148 [INFO] Enriched: Dilla -> ['instagram', 'tiktok']
2026-01-31 02:02:43,944 [INFO] Enriched: Starrah -> ['twitter', 'facebook', 'instagram']
2026-01-31 02:02:49,416 [INFO] Enriched: MC Lyte -> ['website']
2026-01-31 02:02:52,117 [INFO] Enriched: Ramengvrl -> ['website', 'facebook', 'instagram', 'tiktok']
2026-01-31 02:02:54,902 [INFO] Enriched: Lil Mariko -> ['twitter', 'instagram']
2026-01-31 02:03:05,661 [INFO] Enriched: Chrissy -> ['twitter', 'facebook', 'instagram']
2026-01-31 02:03:08,883 [INFO] Enriched: Tina -> ['website', 'twitter', 'facebook', 'instagram', 'tiktok']
2026-01-31 02:03:17,041 [INFO] Enriched: Elle Teresa -> ['website', 'twitter', 'instagram', 'tiktok']
2026-01-31 02:03:19,734 [INFO] Enriched: Liu Grace -> ['facebook', 'instagram']
2026-01-31 02:03:22,478 [INFO] Enriched: Katy B Diamond -> ['instagram']
2026-01-31 02:03:25,156 [INFO] Enriched: JANE HANDCOCK -> ['twitter', 'facebook']
2026-01-31 02:03:30,624 [INFO] Enriched: Xana -> ['twitter', 'website', 'facebook', 'instagram', 'tiktok']
2026-01-31 02:03:41,636 [INFO] Enriched: R.A.E -> ['twitter', 'website', 'facebook', 'instagram', 'tiktok']
2026-01-31 02:03:44,464 [INFO] Enriched: tg.blk -> ['instagram']
2026-01-31 02:03:49,887 [INFO] Enriched: iLe -> ['website', 'twitter', 'facebook', 'instagram']
2026-01-31 02:03:52,683 [INFO] Enriched: DZIARMA -> ['instagram']
2026-01-31 02:03:55,407 [INFO] Enriched: Cheeze -> ['twitter', 'facebook']
2026-01-31 02:04:01,035 [INFO] Enriched: JACE -> ['facebook', 'instagram']
2026-01-31 02:04:03,744 [INFO] Enriched: Brenda K. Starr -> ['instagram']
2026-01-31 02:04:06,450 [INFO] Enriched: Jaya -> ['twitter', 'facebook', 'instagram']
2026-01-31 02:04:11,877 [INFO] Enriched: K Carbon -> ['twitter', 'instagram']
2026-01-31 02:04:14,595 [INFO] Enriched: Liv.e -> ['twitter', 'instagram', 'facebook']
2026-01-31 02:04:18,843 [INFO] Enriched: Gina G -> ['website']
2026-01-31 02:04:21,559 [INFO] Enriched: Keny Arkana -> ['website', 'facebook']
2026-01-31 02:04:24,545 [INFO] Enriched: Natalie -> ['website', 'facebook']
2026-01-31 02:04:30,191 [INFO] Enriched: Julissa -> ['website', 'twitter', 'facebook', 'instagram']
2026-01-31 02:04:32,887 [INFO] Enriched: Latifah -> ['twitter', 'facebook', 'instagram']
2026-01-31 02:04:38,444 [INFO] Enriched: VickeeLo -> ['instagram']
2026-01-31 02:04:41,340 [INFO] Enriched: Asena -> ['website', 'facebook', 'instagram']
2026-01-31 02:04:44,093 [INFO] Enriched: Zizzi -> ['instagram', 'tiktok']
2026-01-31 02:04:59,018 [INFO] Enriched: EMM -> ['website', 'twitter', 'facebook', 'instagram']
2026-01-31 02:05:03,078 [INFO] Enriched: Eli Preiss -> ['instagram']
2026-01-31 02:05:07,190 [INFO] Enriched: Evelyn -> ['website']
2026-01-31 02:05:09,869 [INFO] Enriched: SORANE -> ['website']
2026-01-31 02:05:13,870 [INFO] Enriched: Oliwka Brazil -> ['instagram']
2026-01-31 02:05:16,689 [INFO] Enriched: Mirani -> ['instagram']
2026-01-31 02:05:22,066 [INFO] Enriched: Yameii Online -> ['twitter', 'instagram']
2026-01-31 02:05:22,066 [INFO] [300 processed, 193 enriched] Checking: Sofía Gabanna
2026-01-31 02:05:26,066 [INFO] Enriched: Abigail Chams -> ['twitter', 'facebook']
2026-01-31 02:05:28,766 [INFO] Enriched: Esthero -> ['website']
2026-01-31 02:05:31,646 [INFO] Enriched: ONLY -> ['instagram']
2026-01-31 02:05:35,687 [INFO] Enriched: Pebbles -> ['website']
2026-01-31 02:05:38,873 [INFO] Enriched: Yarah Bravo -> ['website', 'twitter', 'facebook', 'instagram']
2026-01-31 02:05:41,651 [INFO] Enriched: Santa Salut -> ['instagram']
2026-01-31 02:05:44,975 [INFO] Enriched: Wassila -> ['twitter', 'instagram']
2026-01-31 02:05:47,767 [INFO] Enriched: Sheila E. -> ['website', 'twitter', 'facebook', 'instagram']
2026-01-31 02:05:50,555 [INFO] Enriched: Rose -> ['website']
2026-01-31 02:05:55,996 [INFO] Enriched: Princess' Lover -> ['website', 'twitter', 'facebook', 'instagram']
2026-01-31 02:05:58,916 [INFO] Enriched: Ms. Dynamite -> ['website', 'twitter', 'facebook']
2026-01-31 02:06:01,663 [INFO] Enriched: Kitty Kat -> ['website', 'twitter', 'facebook', 'instagram', 'tiktok']
2026-01-31 02:06:06,953 [INFO] Enriched: Lady Leshurr -> ['website', 'twitter', 'facebook', 'instagram']
2026-01-31 02:06:09,685 [INFO] Enriched: Rubi Rose -> ['instagram']
2026-01-31 02:06:16,475 [INFO] Enriched: Lola Astanova -> ['website', 'facebook', 'instagram']
2026-01-31 02:06:19,433 [INFO] Enriched: M¥SS KETA -> ['website', 'twitter', 'facebook', 'instagram']
2026-01-31 02:06:22,096 [INFO] Enriched: DJ Carisma -> ['website', 'twitter']
2026-01-31 02:06:24,814 [INFO] Enriched: Rina -> ['website', 'twitter']
2026-01-31 02:06:27,659 [INFO] Enriched: Indi -> ['facebook']
2026-01-31 02:06:30,490 [INFO] Enriched: Oobie -> ['twitter', 'facebook', 'instagram']
2026-01-31 02:06:34,635 [INFO] Enriched: Seamoon -> ['facebook']
2026-01-31 02:06:37,287 [INFO] Enriched: Annet X -> ['twitter']
2026-01-31 02:06:40,124 [INFO] Enriched: DreamDoll -> ['twitter', 'facebook', 'instagram']
2026-01-31 02:06:43,031 [INFO] Enriched: Calli -> ['instagram']
2026-01-31 02:06:48,503 [INFO] Enriched: Jean Deaux -> ['website', 'twitter', 'facebook']
2026-01-31 02:06:51,174 [INFO] Enriched: Elane -> ['website', 'facebook']
2026-01-31 02:06:55,205 [INFO] Enriched: Nelli Matula -> ['facebook', 'instagram']
2026-01-31 02:06:59,190 [INFO] Enriched: LaRose -> ['twitter', 'facebook', 'instagram']
2026-01-31 02:07:02,053 [INFO] Enriched: Bee -> ['website', 'twitter', 'facebook', 'instagram']
2026-01-31 02:07:04,765 [INFO] Enriched: Lens -> ['website', 'facebook']
2026-01-31 02:07:10,265 [INFO] Enriched: Sabrina Setlur -> ['facebook']
2026-01-31 02:07:12,985 [INFO] Enriched: Nep -> ['instagram']
2026-01-31 02:07:15,781 [INFO] Enriched: Ani DiFranco -> ['website', 'twitter', 'facebook', 'instagram']
2026-01-31 02:07:21,255 [INFO] Enriched: JaidynAlexis -> ['instagram']
2026-01-31 02:07:26,678 [INFO] Enriched: meenoi -> ['instagram']
2026-01-31 02:07:32,061 [INFO] Enriched: Kharii -> ['website', 'facebook', 'instagram', 'tiktok']
2026-01-31 02:07:32,086 [INFO] Saved (350 processed, 229 enriched)
2026-01-31 02:07:42,873 [INFO] Enriched: CLIP -> ['twitter', 'instagram']
2026-01-31 02:07:45,536 [INFO] Enriched: Erica Mason -> ['twitter']
2026-01-31 02:07:48,224 [INFO] Enriched: Efya -> ['website', 'twitter', 'facebook', 'instagram']
2026-01-31 02:07:52,198 [INFO] Enriched: RayRay -> ['facebook']
2026-01-31 02:07:54,972 [INFO] Enriched: Hoody -> ['twitter', 'facebook', 'instagram']
2026-01-31 02:07:57,768 [INFO] Enriched: HOFMANNITA -> ['website', 'instagram', 'tiktok']
2026-01-31 02:08:00,487 [INFO] Enriched: NOVAA -> ['website', 'twitter', 'facebook', 'instagram']
2026-01-31 02:08:03,240 [INFO] Enriched: Cherrie -> ['facebook']
2026-01-31 02:08:06,065 [INFO] Enriched: Leila K -> ['website']
2026-01-31 02:08:08,851 [INFO] Enriched: Aylo -> ['instagram']
2026-01-31 02:08:11,523 [INFO] Enriched: Niecy Nash -> ['instagram']
2026-01-31 02:08:19,682 [INFO] Enriched: Erika Isac -> ['website', 'instagram', 'tiktok']
2026-01-31 02:08:22,374 [INFO] Enriched: Paula Douglas -> ['facebook', 'instagram']
2026-01-31 02:08:25,039 [INFO] Enriched: Jäde -> ['facebook', 'instagram']
2026-01-31 02:08:27,732 [INFO] Enriched: CYN -> ['website', 'twitter', 'facebook', 'instagram']
2026-01-31 02:08:34,477 [INFO] Enriched: Pihlaja -> ['facebook', 'instagram']
2026-01-31 02:08:37,745 [INFO] Enriched: LAVA LA RUE -> ['website', 'twitter', 'facebook', 'instagram']
2026-01-31 02:08:40,515 [INFO] Enriched: Titica -> ['twitter', 'instagram', 'tiktok']
2026-01-31 02:08:43,329 [INFO] Enriched: Queen Millz -> ['twitter', 'facebook', 'instagram']
2026-01-31 02:08:46,128 [INFO] Enriched: DAV -> ['facebook']
2026-01-31 02:08:51,525 [INFO] Enriched: LaBlackie -> ['instagram']
2026-01-31 02:08:54,294 [INFO] Enriched: chelmico -> ['website', 'twitter', 'instagram', 'tiktok']
2026-01-31 02:08:57,104 [INFO] Enriched: snowsa -> ['twitter', 'facebook', 'instagram']
2026-01-31 02:08:59,810 [INFO] Enriched: Verifiziert -> ['instagram']
2026-01-31 02:09:02,530 [INFO] Enriched: Zui -> ['facebook', 'instagram']
2026-01-31 02:09:05,286 [INFO] Enriched: Sneaks -> ['twitter', 'facebook', 'instagram']
2026-01-31 02:09:08,114 [INFO] Enriched: Queralt Lahoz -> ['instagram']
2026-01-31 02:09:11,038 [INFO] Enriched: Evelina -> ['website', 'facebook', 'instagram', 'tiktok']
2026-01-31 02:09:13,856 [INFO] Enriched: Melissa M -> ['facebook']
2026-01-31 02:09:16,548 [INFO] Enriched: Res -> ['website']
2026-01-31 02:09:19,525 [INFO] Enriched: Sara Hebe -> ['website', 'twitter', 'facebook', 'instagram']
2026-01-31 02:09:22,711 [INFO] Enriched: Louve -> ['facebook', 'instagram']
2026-01-31 02:09:25,425 [INFO] Enriched: Stony -> ['twitter', 'facebook', 'instagram']
2026-01-31 02:09:28,248 [INFO] Enriched: Saah -> ['facebook']
2026-01-31 02:09:31,445 [INFO] Enriched: Jody Watley -> ['website', 'twitter', 'facebook', 'instagram']
2026-01-31 02:09:34,181 [INFO] Enriched: Zheani -> ['website', 'twitter', 'facebook', 'instagram']
2026-01-31 02:09:37,114 [INFO] Enriched: UA -> ['website', 'twitter']
2026-01-31 02:09:44,404 [INFO] [400 processed, 266 enriched] Checking: LoLo
2026-01-31 02:09:49,825 [INFO] Enriched: Chloe Chua -> ['website', 'facebook', 'instagram']
2026-01-31 02:09:52,599 [INFO] Enriched: Maris -> ['website', 'twitter', 'facebook', 'instagram']
2026-01-31 02:09:55,334 [INFO] Enriched: Anna Kova -> ['website', 'twitter', 'facebook', 'instagram']
2026-01-31 02:10:00,706 [INFO] Enriched: The Lady of Rage -> ['twitter']
2026-01-31 02:10:06,130 [INFO] Enriched: Lia -> ['website', 'twitter']
2026-01-31 02:10:09,213 [INFO] Enriched: Armani Caesar -> ['website', 'twitter', 'facebook', 'instagram']
2026-01-31 02:10:14,659 [INFO] Enriched: Ellize -> ['website', 'facebook', 'instagram', 'tiktok']
2026-01-31 02:10:18,760 [INFO] Enriched: Dessa -> ['website', 'twitter', 'facebook', 'instagram']
2026-01-31 02:10:24,207 [INFO] Enriched: Sarah4k -> ['instagram', 'tiktok']
2026-01-31 02:10:29,568 [INFO] Enriched: Sarm -> ['website', 'twitter', 'instagram']
2026-01-31 02:10:32,314 [INFO] Enriched: LOONY -> ['website', 'twitter', 'facebook', 'instagram']
2026-01-31 02:10:35,006 [INFO] Enriched: Lala &ce -> ['facebook', 'instagram']
2026-01-31 02:10:40,336 [INFO] Enriched: Childlike CiCi -> ['twitter', 'facebook', 'instagram']
2026-01-31 02:10:47,061 [INFO] Enriched: atsuover -> ['twitter']
2026-01-31 02:10:51,076 [INFO] Enriched: Sofie Royer -> ['website', 'twitter', 'instagram', 'tiktok']
2026-01-31 02:10:56,423 [INFO] Enriched: Rhode -> ['instagram']
2026-01-31 02:10:59,146 [INFO] Enriched: Awkwafina -> ['website', 'twitter', 'facebook', 'instagram']
2026-01-31 02:11:01,815 [INFO] Enriched: Nayana Iz -> ['twitter', 'instagram']
2026-01-31 02:11:15,434 [INFO] Enriched: Meddy -> ['twitter', 'facebook', 'instagram']
2026-01-31 02:11:19,444 [INFO] Enriched: Sisi -> ['facebook']
2026-01-31 02:11:27,711 [INFO] Enriched: Catherine Larsen-Maguire -> ['website']
2026-01-31 02:11:30,424 [INFO] Enriched: Mindy Chuang -> ['website', 'twitter']
2026-01-31 02:11:34,481 [INFO] Enriched: Taleesa -> ['website']
2026-01-31 02:11:44,173 [INFO] Enriched: Dizzy Dizzo -> ['facebook', 'instagram']
2026-01-31 02:11:48,787 [INFO] Enriched: Rebecca Mardal -> ['website']
2026-01-31 02:11:53,268 [INFO] Enriched: zombAe -> ['twitter', 'instagram']
2026-01-31 02:11:53,292 [INFO] Saved (450 processed, 292 enriched)
2026-01-31 02:11:56,052 [INFO] Enriched: Renni Rucci -> ['twitter', 'instagram', 'tiktok']
2026-01-31 02:29:55,639 [INFO] Enriched: susan -> ['website', 'twitter', 'facebook', 'instagram']
2026-01-31 02:30:05,130 [INFO] Enriched: Connie -> ['website']
2026-01-31 02:30:07,884 [INFO] Enriched: Yung Miami -> ['twitter', 'facebook', 'instagram']
2026-01-31 02:30:10,715 [INFO] Enriched: Miss Bolivia -> ['twitter', 'facebook']
2026-01-31 02:30:13,476 [INFO] Enriched: Lee Eye -> ['facebook', 'instagram']
2026-01-31 02:30:18,959 [INFO] Enriched: La Materialista -> ['twitter', 'facebook', 'instagram']
2026-01-31 02:30:21,690 [INFO] Enriched: 7 -> ['website', 'facebook']
2026-01-31 02:30:24,589 [INFO] Enriched: Renee -> ['website', 'facebook', 'instagram']
2026-01-31 02:30:27,236 [INFO] Enriched: Dayana -> ['facebook', 'instagram']
2026-01-31 03:05:08,342 [INFO] Enriched: Ivorian Doll -> ['website', 'instagram']
2026-01-31 03:05:11,018 [INFO] Enriched: Domo Wilson -> ['twitter', 'facebook', 'instagram']
2026-01-31 03:05:22,098 [INFO] Enriched: Tichina Arnold -> ['website', 'twitter']
2026-01-31 03:05:30,041 [INFO] Enriched: Helen Keeling-Marston -> ['twitter']
2026-01-31 03:05:35,399 [INFO] Enriched: Hannah V -> ['website', 'twitter', 'facebook']
2026-01-31 03:05:43,599 [INFO] Enriched: Sogand -> ['website', 'twitter', 'facebook', 'instagram']
2026-01-31 03:05:48,920 [INFO] Enriched: cr1tter -> ['instagram']
2026-01-31 03:05:51,657 [INFO] Enriched: OG LU -> ['instagram']
2026-01-31 03:05:54,491 [INFO] Enriched: BABYJOY -> ['instagram']
2026-01-31 03:05:57,142 [INFO] Enriched: Marysia Starosta -> ['instagram']
2026-01-31 03:06:08,563 [INFO] Enriched: Yugen Blakrok -> ['twitter', 'facebook']
2026-01-31 03:06:11,189 [INFO] Enriched: Stacy N.K.R -> ['instagram']
2026-01-31 03:06:14,143 [INFO] Enriched: Margherita Vicario -> ['instagram']
2026-01-31 03:06:17,068 [INFO] Enriched: VaVa -> ['website', 'twitter', 'instagram']
2026-01-31 03:06:19,737 [INFO] Enriched: Tassia Reis -> ['twitter', 'facebook', 'instagram']
2026-01-31 03:06:22,400 [INFO] Enriched: Bell Angel -> ['instagram']
2026-01-31 03:06:25,146 [INFO] Enriched: Kari Faux -> ['twitter', 'facebook', 'instagram']
2026-01-31 03:06:27,933 [INFO] Enriched: Famke Louise -> ['instagram']
2026-01-31 03:06:30,722 [INFO] Enriched: Eva Mattes -> ['website']
2026-01-31 03:06:33,501 [INFO] Enriched: Shawnna -> ['twitter', 'instagram']
2026-01-31 03:06:33,501 [INFO] [500 processed, 322 enriched] Checking: TDJ
2026-01-31 03:06:36,196 [INFO] Enriched: TDJ -> ['twitter', 'facebook', 'instagram']
2026-01-31 03:06:36,225 [INFO] Saved (500 processed, 323 enriched)
2026-01-31 03:06:44,645 [INFO] Enriched: Dank Demoss -> ['twitter', 'facebook', 'instagram']
2026-01-31 03:06:59,721 [INFO] Enriched: Nara -> ['facebook', 'instagram']
2026-01-31 03:07:02,707 [INFO] Enriched: Jvcki Wai -> ['twitter', 'facebook', 'instagram']
2026-01-31 03:07:06,605 [INFO] Enriched: Anna Simonetta -> ['website', 'facebook']
2026-01-31 03:07:09,304 [INFO] Enriched: Lil Bo Weep -> ['twitter', 'facebook', 'instagram']
2026-01-31 03:07:12,071 [INFO] Enriched: Mariska -> ['website', 'facebook', 'instagram']
2026-01-31 03:07:17,448 [INFO] Enriched: Spirit -> ['website']
2026-01-31 03:07:20,296 [INFO] Enriched: Demy -> ['twitter', 'facebook', 'instagram']
2026-01-31 03:07:22,938 [INFO] Enriched: Vela -> ['website', 'twitter', 'facebook', 'instagram']
2026-01-31 03:07:25,759 [INFO] Enriched: Wa22ermann -> ['instagram', 'tiktok']
2026-01-31 03:07:31,161 [INFO] Enriched: SINCE -> ['instagram']
2026-01-31 03:07:33,820 [INFO] Enriched: Flor De Rap -> ['facebook', 'instagram']
2026-01-31 03:07:36,487 [INFO] Enriched: Teven -> ['facebook', 'instagram', 'tiktok']
2026-01-31 03:07:39,238 [INFO] Enriched: DEMONDICE -> ['website', 'twitter', 'instagram']
2026-01-31 03:07:41,985 [INFO] Enriched: Mariybu -> ['instagram', 'tiktok']
2026-01-31 03:07:44,630 [INFO] Enriched: Rubio -> ['facebook']
2026-01-31 03:07:47,487 [INFO] Enriched: Gangsta Boo -> ['twitter', 'facebook', 'instagram']
2026-01-31 03:07:51,426 [INFO] Enriched: Loir -> ['facebook']
2026-01-31 03:07:54,085 [INFO] Enriched: Pau Mueller -> ['website', 'twitter', 'facebook', 'instagram', 'tiktok']
2026-01-31 03:07:56,773 [INFO] Enriched: LAYZ -> ['website', 'twitter', 'facebook', 'instagram', 'tiktok']
2026-01-31 03:07:59,592 [INFO] Enriched: Haiyti -> ['website', 'twitter', 'facebook', 'instagram']
2026-01-31 03:08:02,441 [INFO] Enriched: Antifuchs -> ['website', 'twitter', 'facebook', 'instagram', 'tiktok']
2026-01-31 03:08:10,521 [INFO] Enriched: Angie Martinez -> ['twitter', 'instagram']
2026-01-31 03:08:21,521 [INFO] Enriched: Arianna Puello -> ['twitter', 'facebook']
2026-01-31 03:08:26,976 [INFO] Enriched: MIYA -> ['website', 'twitter', 'facebook', 'instagram']
2026-01-31 03:08:32,256 [INFO] Enriched: Shalom Margaret -> ['twitter', 'instagram', 'tiktok']
2026-01-31 03:08:43,063 [INFO] Enriched: Bri Steves -> ['website', 'twitter', 'facebook', 'instagram']
2026-01-31 03:08:43,084 [INFO] Saved (550 processed, 350 enriched)
2026-01-31 03:08:45,991 [INFO] Enriched: Chidinma -> ['twitter']
2026-01-31 03:08:49,095 [INFO] Enriched: Jup do Bairro -> ['twitter', 'facebook', 'instagram']
2026-01-31 03:08:51,871 [INFO] Enriched: Stacy Epps -> ['instagram']
2026-01-31 03:10:13,927 [INFO] Enriched: Hamzaa -> ['twitter', 'facebook', 'instagram']
2026-01-31 03:24:39,153 [INFO] Enriched: Charli Baltimore -> ['twitter', 'facebook', 'instagram']
2026-01-31 03:24:54,519 [INFO] Enriched: Eliza Legzdina -> ['website', 'twitter', 'facebook', 'instagram', 'tiktok']
2026-01-31 03:40:38,544 [INFO] Enriched: Indiana -> ['website', 'twitter', 'facebook', 'instagram']
2026-01-31 04:02:37,860 [INFO] Enriched: PJ -> ['website', 'twitter', 'facebook']
2026-01-31 04:02:40,559 [INFO] Enriched: Justina Valentine -> ['website', 'twitter', 'facebook', 'instagram']
2026-01-31 04:14:36,531 [INFO] Enriched: Payday -> ['instagram']
2026-01-31 04:14:45,050 [INFO] Enriched: Wynne -> ['website', 'twitter', 'facebook', 'instagram']
2026-01-31 04:32:08,508 [INFO] Enriched: Karlae -> ['twitter', 'facebook', 'instagram']
2026-01-31 04:32:11,348 [INFO] Enriched: Junglepussy -> ['website', 'twitter', 'facebook', 'instagram']
2026-01-31 04:32:16,944 [INFO] Enriched: Lorenzza -> ['instagram']
2026-01-31 04:32:20,433 [INFO] Enriched: Dalia Stasevska -> ['website', 'twitter', 'facebook', 'instagram']
2026-01-31 04:32:26,250 [INFO] Enriched: Skeamer -> ['twitter', 'facebook', 'instagram']
2026-01-31 05:05:32,500 [INFO] Enriched: Reverie -> ['website', 'twitter', 'facebook', 'instagram']
2026-01-31 05:45:23,479 [INFO] Enriched: MIMAA -> ['facebook', 'instagram', 'tiktok']
2026-01-31 05:45:26,564 [INFO] Enriched: Zizi Kirana -> ['twitter', 'instagram']
2026-01-31 05:45:29,353 [INFO] Enriched: Akua Naru -> ['website', 'twitter', 'facebook', 'instagram']
2026-01-31 05:45:36,124 [INFO] Enriched: Vilma Alina -> ['website', 'facebook', 'instagram']
2026-01-31 05:45:36,125 [INFO] [600 processed, 371 enriched] Checking: Faenna
2026-01-31 05:45:39,032 [INFO] Enriched: Faenna -> ['instagram']
2026-01-31 05:45:39,063 [INFO] Saved (600 processed, 372 enriched)
2026-01-31 05:45:42,032 [INFO] Enriched: Kaiit -> ['facebook']
2026-01-31 05:45:44,712 [INFO] Enriched: Denada -> ['instagram']
2026-01-31 06:01:50,190 [INFO] Enriched: JoJo -> ['website', 'twitter', 'facebook', 'instagram', 'tiktok']
2026-01-31 06:10:47,672 [INFO] Enriched: Kacha -> ['instagram']
2026-01-31 06:10:50,759 [INFO] Enriched: Beverly -> ['website', 'twitter', 'facebook', 'instagram']
2026-01-31 06:46:16,785 [INFO] Enriched: Asian Doll -> ['twitter', 'instagram']
2026-01-31 06:46:19,774 [INFO] Enriched: Doss -> ['website', 'twitter', 'instagram']
2026-01-31 06:46:22,567 [INFO] Enriched: Maliibu Miitch -> ['website', 'twitter', 'facebook', 'instagram']
2026-01-31 06:46:28,053 [INFO] Enriched: MzVee -> ['website', 'twitter', 'facebook', 'instagram']
2026-01-31 06:46:36,387 [INFO] Enriched: Jayahadadream -> ['website', 'twitter', 'facebook', 'instagram', 'tiktok']
2026-01-31 07:10:03,829 [INFO] Enriched: Ruthie Ann Miles -> ['website']
2026-01-31 07:27:54,239 [INFO] Enriched: Lady Sovereign -> ['website', 'twitter', 'facebook']
2026-01-31 07:27:59,682 [INFO] Enriched: Riya -> ['twitter', 'instagram']
2026-01-31 07:28:02,569 [INFO] Enriched: Juste Shani -> ['twitter', 'facebook', 'instagram', 'tiktok']
2026-01-31 07:28:05,330 [INFO] Enriched: Dounia -> ['website', 'twitter', 'instagram']
2026-01-31 07:28:08,431 [INFO] Enriched: Shannon -> ['website', 'twitter', 'facebook', 'instagram']
2026-01-31 07:28:11,162 [INFO] Enriched: Monica Geuze -> ['instagram', 'tiktok']
2026-01-31 07:28:13,963 [INFO] Enriched: Eunique -> ['facebook', 'instagram']
2026-01-31 07:28:22,220 [INFO] Enriched: Deborah Offenhauser -> ['website']
2026-01-31 07:28:24,951 [INFO] Enriched: Daniela Garsal -> ['instagram']
2026-01-31 07:28:32,375 [INFO] Enriched: Kathy Najimy -> ['website']
2026-01-31 07:28:38,026 [INFO] Enriched: Baghira -> ['website', 'facebook', 'instagram']
2026-01-31 07:28:49,288 [INFO] Enriched: La Chat -> ['twitter']
2026-01-31 07:28:56,299 [INFO] Enriched: Sherry Finzer -> ['website']
2026-01-31 07:29:01,853 [INFO] Enriched: Priscillia -> ['twitter', 'facebook', 'instagram']
2026-01-31 07:29:04,630 [INFO] Enriched: blackwinterwells -> ['twitter', 'instagram']
2026-01-31 07:29:04,662 [INFO] Saved (650 processed, 398 enriched)
2026-01-31 07:29:07,473 [INFO] Enriched: Jessica Gallo -> ['facebook', 'instagram']
2026-01-31 07:29:11,500 [INFO] Enriched: Rosemary Ashe -> ['website']
2026-01-31 07:29:14,280 [INFO] Enriched: Mariahlynn -> ['twitter', 'instagram', 'tiktok']
2026-01-31 07:29:18,359 [INFO] Enriched: VELVETEARS -> ['twitter', 'instagram']
2026-01-31 07:29:22,340 [INFO] Enriched: Di'ja -> ['website', 'twitter']
2026-01-31 07:29:25,126 [INFO] Enriched: Sini Sabotage -> ['facebook']
2026-01-31 07:29:28,036 [INFO] Enriched: Bea Pelea -> ['instagram']
2026-01-31 07:29:33,470 [INFO] Enriched: Brunette -> ['instagram']
2026-01-31 07:29:40,217 [INFO] Enriched: Cass -> ['instagram']
2026-01-31 07:29:42,964 [INFO] Enriched: Sara Socas -> ['twitter', 'instagram']
2026-01-31 07:29:45,706 [INFO] Enriched: Een Glish -> ['twitter', 'facebook', 'instagram']
2026-01-31 07:29:51,411 [INFO] Enriched: Charlu -> ['twitter', 'instagram']
2026-01-31 07:29:55,486 [INFO] Enriched: Kym Sims -> ['twitter']
2026-01-31 07:30:01,066 [INFO] Enriched: Berry -> ['website', 'twitter', 'facebook']
2026-01-31 07:33:00,831 [INFO] Enriched: Cuban Doll -> ['website', 'twitter', 'facebook', 'instagram']
2026-01-31 07:33:09,611 [INFO] Enriched: Sorry X -> ['website', 'twitter', 'instagram', 'facebook', 'tiktok']
2026-01-31 07:33:13,018 [INFO] Enriched: Nia -> ['website']
2026-01-31 07:33:16,021 [INFO] Enriched: Pauline -> ['website', 'facebook']
2026-01-31 07:33:18,668 [INFO] Enriched: Ramonzin -> ['instagram']
2026-01-31 07:33:21,346 [INFO] Enriched: Laurence Nerbonne -> ['twitter', 'facebook', 'instagram']
2026-01-31 07:33:24,095 [INFO] Enriched: Gery-Nikol -> ['website']
2026-01-31 07:33:26,967 [INFO] Enriched: Aura BAE -> ['instagram']
2026-01-31 07:33:29,744 [INFO] Enriched: Chantel Jeffries -> ['twitter', 'facebook', 'instagram']
2026-01-31 07:33:32,613 [INFO] Enriched: Ashley -> ['twitter', 'facebook', 'instagram']
2026-01-31 07:33:41,090 [INFO] Enriched: Ssaru -> ['facebook', 'instagram']
2026-01-31 07:33:43,887 [INFO] Enriched: v i v -> ['website', 'twitter', 'instagram']
2026-01-31 07:33:46,562 [INFO] Enriched: Nadia Nakai -> ['twitter', 'facebook', 'instagram']
2026-01-31 07:33:49,212 [INFO] Enriched: LightSkinKeisha -> ['website', 'twitter', 'instagram']
2026-01-31 07:33:51,906 [INFO] Enriched: Karun -> ['website', 'twitter', 'instagram']
2026-01-31 07:33:54,676 [INFO] Enriched: Georgia Anne Muldrow -> ['website', 'twitter', 'facebook']
2026-01-31 07:33:57,389 [INFO] Enriched: Backxwash -> ['website', 'twitter', 'facebook', 'instagram']
2026-01-31 07:34:00,072 [INFO] Enriched: akiko -> ['website', 'twitter', 'facebook']
2026-01-31 07:34:05,403 [INFO] [700 processed, 430 enriched] Checking: Ghetto Queen
2026-01-31 07:34:08,213 [INFO] Enriched: Ghetto Queen -> ['twitter', 'facebook', 'instagram', 'tiktok']
2026-01-31 07:34:08,241 [INFO] Saved (700 processed, 431 enriched)
2026-01-31 07:34:16,186 [INFO] Enriched: Renata Flores -> ['twitter', 'facebook']
2026-01-31 07:34:20,420 [INFO] Enriched: Rye Rye -> ['website', 'twitter', 'facebook']
2026-01-31 07:34:24,414 [INFO] Enriched: bbymutha -> ['twitter', 'facebook', 'instagram']
2026-01-31 07:34:27,441 [INFO] Enriched: YonYon -> ['website', 'twitter']
2026-01-31 07:34:32,965 [INFO] Enriched: FEMI -> ['twitter', 'instagram']
2026-01-31 07:34:35,599 [INFO] Enriched: DellaXOZ -> ['twitter', 'instagram', 'tiktok']
2026-01-31 07:34:38,238 [INFO] Enriched: Sophie Pecora -> ['website', 'tiktok', 'twitter', 'facebook', 'instagram']
2026-01-31 07:34:40,888 [INFO] Enriched: Sidi -> ['website', 'twitter', 'instagram']
2026-01-31 07:34:46,302 [INFO] Enriched: Jocelyn Hagen -> ['website', 'facebook']
2026-01-31 07:34:48,975 [INFO] Enriched: 5hy -> ['instagram']
2026-01-31 07:34:55,768 [INFO] Enriched: Blu -> ['facebook']
2026-01-31 07:35:06,537 [INFO] Enriched: Ayben -> ['twitter', 'facebook', 'instagram']
2026-01-31 07:35:09,211 [INFO] Enriched: Jama -> ['facebook', 'instagram']
2026-01-31 07:35:17,146 [INFO] Enriched: DEELA -> ['website', 'facebook']
2026-01-31 07:35:19,787 [INFO] Enriched: K-Leah -> ['facebook']
2026-01-31 07:35:22,446 [INFO] Enriched: Mirasia -> ['instagram']
2026-01-31 07:35:30,617 [INFO] Enriched: Lonnie Gordon -> ['website', 'facebook']
2026-01-31 07:35:34,646 [INFO] Enriched: 775 -> ['twitter', 'instagram']
2026-01-31 07:35:41,278 [INFO] Enriched: Lady Paradox -> ['facebook']
2026-01-31 07:35:48,110 [INFO] Enriched: Cent -> ['website', 'twitter', 'facebook', 'instagram', 'tiktok']
2026-01-31 07:53:19,010 [INFO] Enriched: Eliott -> ['website', 'twitter', 'facebook', 'instagram']
2026-01-31 07:53:31,238 [INFO] Enriched: Miss Kaninna -> ['twitter', 'facebook', 'instagram', 'tiktok']
2026-01-31 07:53:34,620 [INFO] Enriched: Rebeca Lane -> ['website', 'twitter', 'facebook']
2026-01-31 07:53:37,410 [INFO] Enriched: Chinese Kitty -> ['instagram']
2026-01-31 07:53:43,462 [INFO] Enriched: Ava Joe -> ['instagram']
2026-01-31 07:53:46,330 [INFO] Enriched: Ruby Ibarra -> ['website', 'twitter', 'facebook', 'instagram']
2026-01-31 07:53:49,228 [INFO] Enriched: I Am Aisha -> ['website', 'twitter', 'facebook']
2026-01-31 08:10:33,384 [INFO] Enriched: Prima -> ['twitter', 'facebook', 'instagram']
2026-01-31 08:27:14,117 [INFO] Enriched: CHAII -> ['website', 'twitter', 'facebook', 'instagram', 'tiktok']
2026-01-31 08:42:32,798 [INFO] Enriched: Lianne Steeman -> ['website', 'facebook', 'instagram']
2026-01-31 08:57:03,777 [INFO] Enriched: Elanur -> ['twitter', 'facebook', 'instagram', 'tiktok']
2026-01-31 08:57:12,678 [INFO] Enriched: Stella Mwangi -> ['website', 'twitter']
2026-01-31 08:57:18,736 [INFO] Enriched: Gavlyn -> ['website', 'twitter', 'facebook', 'instagram']
2026-01-31 08:57:21,479 [INFO] Enriched: Indy -> ['twitter', 'instagram', 'tiktok']
2026-01-31 09:37:02,211 [INFO] Enriched: Le JUIICE -> ['twitter', 'instagram']
2026-01-31 09:37:05,071 [INFO] Enriched: Barkaa -> ['website', 'facebook', 'instagram']
2026-01-31 09:52:51,065 [INFO] Enriched: WondaGurl -> ['website', 'twitter', 'facebook', 'instagram']
2026-01-31 10:08:53,325 [INFO] Enriched: Ash-B -> ['twitter', 'instagram']
2026-01-31 10:09:01,393 [INFO] Enriched: SINI YASEMIN -> ['website', 'facebook', 'instagram']
2026-01-31 10:09:10,585 [INFO] Enriched: Alex Bruce -> ['twitter', 'facebook', 'instagram']
2026-01-31 10:09:13,328 [INFO] Enriched: Kyra Tantao -> ['website']
2026-01-31 10:09:17,314 [INFO] Enriched: Quasar -> ['website']
2026-01-31 10:09:22,996 [INFO] Enriched: lost.mindd -> ['twitter', 'instagram']
2026-01-31 10:09:25,847 [INFO] Enriched: Silvana Imam -> ['website', 'twitter', 'facebook', 'instagram']
2026-01-31 10:09:28,618 [INFO] Enriched: Flo -> ['website', 'twitter', 'facebook', 'instagram', 'tiktok']
2026-01-31 10:09:34,144 [INFO] Enriched: The Last Artful, Dodgr -> ['twitter', 'facebook']
2026-01-31 10:09:36,811 [INFO] Enriched: Dakillah -> ['twitter', 'facebook', 'instagram']
2026-01-31 10:09:39,590 [INFO] Enriched: Dope Saint Jude -> ['website', 'twitter', 'facebook', 'instagram']
2026-01-31 10:09:39,591 [INFO] [800 processed, 479 enriched] Checking: Gata Cattana
2026-01-31 10:09:42,570 [INFO] Enriched: Gata Cattana -> ['twitter', 'facebook']
2026-01-31 10:09:42,601 [INFO] Saved (800 processed, 480 enriched)
2026-01-31 10:09:45,422 [INFO] Enriched: Terr -> ['twitter', 'facebook', 'instagram']
2026-01-31 10:09:48,226 [INFO] Enriched: INKA -> ['website']
2026-01-31 10:09:52,766 [INFO] Enriched: Lumaraa -> ['twitter', 'facebook', 'instagram']
2026-01-31 10:09:55,523 [INFO] Enriched: Lil Debbie -> ['website', 'twitter', 'facebook', 'instagram']
2026-01-31 10:09:58,216 [INFO] Enriched: Anier -> ['twitter', 'instagram']
2026-01-31 10:10:01,073 [INFO] Enriched: Pixx -> ['website', 'twitter', 'facebook', 'instagram']
2026-01-31 10:10:10,457 [INFO] Enriched: Linda Pira -> ['facebook', 'instagram']
2026-01-31 10:10:13,186 [INFO] Enriched: Lebra Jolie -> ['website', 'twitter', 'instagram', 'tiktok']
2026-01-31 10:10:18,653 [INFO] Enriched: Toya -> ['website', 'twitter']
2026-01-31 10:10:21,455 [INFO] Enriched: Hippo Dreams -> ['instagram']
2026-01-31 10:10:32,726 [INFO] Enriched: Felukah -> ['website', 'facebook']
2026-01-31 10:10:35,782 [INFO] Enriched: Tomasa del Real -> ['twitter', 'facebook', 'instagram']
2026-01-31 10:10:41,233 [INFO] Enriched: Sarita Lorena -> ['facebook']
2026-01-31 10:10:50,812 [INFO] Enriched: Drummatix -> ['twitter', 'instagram']
2026-01-31 10:10:53,593 [INFO] Enriched: Suppra -> ['instagram']
2026-01-31 10:11:00,982 [INFO] Enriched: Avera -> ['twitter', 'facebook', 'instagram']
2026-01-31 10:11:06,814 [INFO] Enriched: Ly Raine -> ['twitter']
2026-01-31 10:11:09,581 [INFO] Enriched: Yeico -> ['instagram']
2026-01-31 10:11:13,469 [INFO] Enriched: Steff la Cheffe -> ['website', 'facebook', 'instagram']
2026-01-31 10:23:36,276 [INFO] Enriched: Hiss -> ['website', 'twitter', 'facebook']
2026-01-31 10:28:57,386 [INFO] Enriched: Ima -> ['website']
2026-01-31 10:29:00,079 [INFO] Enriched: BigKlit -> ['website', 'instagram']
2026-01-31 10:29:19,006 [INFO] Enriched: Maya Rudolph -> ['twitter', 'instagram']
2026-01-31 10:29:21,744 [INFO] Enriched: Vula -> ['twitter', 'facebook']
2026-01-31 10:31:00,181 [INFO] Enriched: Renee Goust -> ['website']
2026-01-31 10:31:00,202 [INFO] Saved (850 processed, 505 enriched)
2026-01-31 10:31:04,374 [INFO] Enriched: Luna Antonia -> ['instagram']
2026-01-31 10:31:07,194 [INFO] Enriched: Liz Vice -> ['twitter', 'facebook']
2026-01-31 10:31:09,898 [INFO] Enriched: Ebow -> ['website', 'twitter', 'facebook', 'instagram', 'tiktok']
2026-01-31 10:31:14,341 [INFO] Enriched: Kaiyko -> ['twitter']
2026-01-31 10:31:28,263 [INFO] Enriched: Mona Masrour -> ['instagram']
2026-01-31 10:31:31,228 [INFO] Enriched: Kmila CDD -> ['instagram']
2026-01-31 10:31:39,935 [INFO] Enriched: MC Taya -> ['twitter', 'instagram']
2026-01-31 10:31:42,629 [INFO] Enriched: Yecca -> ['instagram']
2026-01-31 10:31:45,768 [INFO] Enriched: Muireann Bradley -> ['instagram']
2026-01-31 10:32:03,135 [INFO] Enriched: Yotsugi -> ['twitter', 'instagram']
2026-01-31 10:32:09,946 [INFO] Enriched: Ayasa -> ['website', 'twitter', 'facebook', 'instagram']
2026-01-31 10:32:12,650 [INFO] Enriched: Boni -> ['website', 'twitter', 'facebook']
2026-01-31 10:32:15,771 [INFO] Enriched: Meggie -> ['website']
2026-01-31 10:32:19,667 [INFO] Enriched: Sarah Àlainn -> ['website', 'twitter', 'facebook']
2026-01-31 10:32:22,429 [INFO] Enriched: Spilif -> ['facebook', 'instagram', 'tiktok']
2026-01-31 10:32:25,196 [INFO] Enriched: Aly Mayely -> ['instagram']
2026-01-31 10:32:28,196 [INFO] Enriched: Lilniina -> ['twitter', 'instagram', 'tiktok']
2026-01-31 10:32:33,797 [INFO] Enriched: Vsteeze -> ['instagram']
2026-01-31 10:32:37,072 [INFO] Enriched: Danitsa -> ['twitter', 'facebook', 'instagram']
2026-01-31 10:32:45,266 [INFO] Enriched: Alicia Awa -> ['instagram', 'tiktok']
2026-01-31 10:32:49,389 [INFO] Enriched: Joyce Blessing -> ['instagram']
2026-01-31 10:32:53,652 [INFO] Enriched: nem -> ['twitter']
2026-01-31 10:32:56,449 [INFO] Enriched: Zoo -> ['website']
2026-01-31 10:32:59,160 [INFO] Enriched: d0llywood1 -> ['instagram']
2026-01-31 10:33:02,404 [INFO] Enriched: Marie Spaemann -> ['website', 'facebook', 'instagram']
2026-01-31 10:33:05,071 [INFO] Enriched: Imenella -> ['facebook', 'instagram']
2026-01-31 10:33:07,781 [INFO] Enriched: JASMINE -> ['website']
2026-01-31 10:33:13,519 [INFO] [900 processed, 532 enriched] Checking: Mia X
2026-01-31 10:33:16,320 [INFO] Enriched: Mia X -> ['twitter']
2026-01-31 10:33:16,350 [INFO] Saved (900 processed, 533 enriched)
2026-01-31 10:33:19,261 [INFO] Enriched: LG (TEAM GENIUS) -> ['twitter', 'facebook']
2026-01-31 10:33:22,826 [INFO] Enriched: kraenkova -> ['twitter']
2026-01-31 10:33:29,706 [INFO] Enriched: Consuelo -> ['facebook']
2026-01-31 10:33:37,696 [INFO] Enriched: JazzZ -> ['twitter']
2026-01-31 10:33:43,329 [INFO] Enriched: CICI Zhu -> ['website', 'facebook', 'instagram']
2026-01-31 10:33:46,091 [INFO] Enriched: Liser -> ['website', 'twitter', 'instagram']
2026-01-31 10:33:54,186 [INFO] Enriched: Luana Camarah -> ['facebook']
2026-01-31 10:33:56,880 [INFO] Enriched: Shaybo -> ['twitter']
2026-01-31 10:34:02,276 [INFO] Enriched: Tokyo Jetz -> ['website', 'twitter', 'facebook', 'instagram']
2026-01-31 10:34:05,479 [INFO] Enriched: Vlntna B -> ['instagram']
2026-01-31 10:34:12,196 [INFO] Enriched: ReptileLegit -> ['twitter', 'instagram']
2026-01-31 10:34:14,960 [INFO] Enriched: Foodieti -> ['twitter', 'instagram', 'tiktok']
2026-01-31 10:34:17,933 [INFO] Enriched: 22RUZZ -> ['instagram']
2026-01-31 10:34:21,329 [INFO] Enriched: Whitney Peyton -> ['website', 'twitter', 'facebook', 'instagram']
2026-01-31 10:34:24,186 [INFO] Enriched: Gama -> ['website', 'facebook', 'instagram']
2026-01-31 10:34:29,717 [INFO] Enriched: Sarah McCoy -> ['website']
2026-01-31 10:34:32,688 [INFO] Enriched: Amber London -> ['facebook']
2026-01-31 10:34:38,142 [INFO] Enriched: Sanni -> ['twitter', 'facebook', 'instagram']
2026-01-31 10:34:40,863 [INFO] Enriched: Rachelle Allison -> ['website', 'twitter', 'facebook']
2026-01-31 10:34:43,638 [INFO] Enriched: Lady Laistee -> ['website']
2026-01-31 10:34:46,410 [INFO] Enriched: Toyalove -> ['twitter']
2026-01-31 10:34:53,163 [INFO] Enriched: xBValentine -> ['website', 'twitter', 'facebook', 'instagram']
2026-01-31 10:34:56,204 [INFO] Enriched: Moor Mother -> ['website', 'twitter', 'facebook', 'instagram']
2026-01-31 10:34:59,005 [INFO] Enriched: Nilla Allin -> ['website', 'twitter', 'instagram', 'tiktok']
2026-01-31 10:35:01,800 [INFO] Enriched: Dana Dentata -> ['website', 'twitter', 'facebook', 'instagram']
2026-01-31 10:35:07,433 [INFO] Enriched: Nafthaly Ramona -> ['facebook']
2026-01-31 10:35:11,497 [INFO] Enriched: Leith -> ['facebook', 'instagram']
2026-01-31 10:35:14,201 [INFO] Enriched: Cathrine Iversen -> ['instagram']
2026-01-31 10:35:19,761 [INFO] Enriched: Yowlandi -> ['instagram']
2026-01-31 10:35:22,655 [INFO] Enriched: Py -> ['website', 'twitter', 'facebook']
2026-01-31 10:35:28,225 [INFO] Enriched: Paigey Cakey -> ['twitter', 'facebook', 'instagram']
2026-01-31 10:35:30,910 [INFO] Enriched: Taimane -> ['website', 'twitter', 'facebook', 'instagram']
2026-01-31 10:35:37,652 [INFO] Enriched: Barbarela -> ['twitter', 'facebook', 'instagram']
2026-01-31 10:35:41,670 [INFO] Enriched: DONNA SAVAGE -> ['instagram']
2026-01-31 10:35:51,332 [INFO] Enriched: L1na -> ['twitter', 'instagram']
2026-01-31 10:35:55,380 [INFO] Enriched: Amara La Negra -> ['twitter', 'instagram']
2026-01-31 10:36:01,051 [INFO] Enriched: Kerensa Briggs -> ['website']
2026-01-31 10:36:06,793 [INFO] Enriched: Christina Vantzou -> ['website', 'facebook']
2026-01-31 10:36:09,497 [INFO] Enriched: Kourtney Heart -> ['twitter', 'facebook', 'instagram']
2026-01-31 10:36:12,220 [INFO] Enriched: IISO -> ['instagram']
2026-01-31 10:36:14,918 [INFO] Enriched: Sensu -> ['facebook', 'instagram']
2026-01-31 10:36:17,910 [INFO] Enriched: KT Gorique -> ['facebook', 'instagram']
2026-01-31 10:36:22,158 [INFO] Enriched: Flohio -> ['twitter', 'facebook', 'instagram']
2026-01-31 10:36:30,348 [INFO] Enriched: Marie Plassard -> ['twitter']
2026-01-31 10:36:41,022 [INFO] Enriched: UZUM3 -> ['instagram']
2026-01-31 10:36:43,719 [INFO] Enriched: NyNy -> ['instagram']
2026-01-31 10:36:50,622 [INFO] Enriched: Tizishi -> ['instagram']
2026-01-31 10:37:03,790 [INFO] Enriched: Che Noir -> ['website', 'twitter', 'instagram']
2026-01-31 10:37:15,639 [INFO] Enriched: Taby Pilgrim -> ['website', 'twitter', 'facebook', 'instagram']
2026-01-31 10:37:18,308 [INFO] Enriched: Scozia -> ['instagram']
2026-01-31 10:37:21,151 [INFO] Enriched: Sookee -> ['website', 'twitter', 'facebook', 'instagram']
2026-01-31 10:37:25,332 [INFO] Enriched: BabySolo33 -> ['facebook', 'instagram']
2026-01-31 10:37:28,075 [INFO] Enriched: Reikko -> ['twitter', 'instagram']
2026-01-31 10:37:33,596 [INFO] Enriched: K1ZA -> ['instagram']
2026-01-31 10:37:36,311 [INFO] Enriched: Capicua -> ['website', 'facebook', 'instagram']
2026-01-31 10:37:47,405 [INFO] Enriched: Destinee Lynn -> ['website', 'twitter', 'instagram']
2026-01-31 10:37:47,406 [INFO] [1000 processed, 589 enriched] Checking: G.Rina
2026-01-31 10:37:50,125 [INFO] Enriched: G.Rina -> ['website', 'twitter', 'facebook', 'instagram']
2026-01-31 10:37:50,142 [INFO] Saved (1000 processed, 590 enriched)
2026-01-31 10:37:52,883 [INFO] Enriched: Danielle Apicella -> ['website', 'facebook', 'instagram']
2026-01-31 10:38:05,211 [INFO] Enriched: Ill Camille -> ['twitter']
2026-01-31 10:38:08,061 [INFO] Enriched: Coely -> ['website', 'twitter', 'facebook']
2026-01-31 10:38:11,111 [INFO] Enriched: Angie oeh -> ['facebook', 'instagram', 'tiktok']
2026-01-31 10:38:15,618 [INFO] Enriched: Souto MC -> ['instagram']
2026-01-31 10:38:24,424 [INFO] Enriched: Lady Alma -> ['website', 'twitter', 'facebook']
2026-01-31 10:38:31,595 [INFO] Enriched: Rachel -> ['website', 'twitter', 'facebook', 'instagram']
2026-01-31 10:38:37,578 [INFO] Enriched: Raghd -> ['facebook', 'instagram']
2026-01-31 10:38:41,191 [INFO] Enriched: That Girl Lay Lay -> ['website', 'facebook', 'instagram']
2026-01-31 10:38:44,395 [INFO] Enriched: SA-ROC -> ['website', 'twitter', 'facebook']
2026-01-31 10:38:50,656 [INFO] Enriched: Ment -> ['facebook']
2026-01-31 10:38:53,506 [INFO] Enriched: Kyoresu -> ['twitter', 'instagram']
2026-01-31 10:38:56,274 [INFO] Enriched: Projekt Melody -> ['twitter']
2026-01-31 10:38:59,138 [INFO] Enriched: Monita -> ['twitter', 'facebook']
2026-01-31 10:39:01,978 [INFO] Enriched: Lonemoon -> ['twitter', 'instagram']
2026-01-31 10:39:04,845 [INFO] Enriched: Pretty Brayah -> ['twitter', 'instagram']
2026-01-31 10:39:07,750 [INFO] Enriched: Tylynn -> ['twitter', 'instagram']
2026-01-31 10:39:10,500 [INFO] Enriched: SNoW -> ['website', 'twitter']
2026-01-31 10:39:13,331 [INFO] Enriched: Nitty Scott -> ['website', 'twitter', 'facebook', 'instagram']
2026-01-31 10:39:17,199 [INFO] Enriched: Chanel West Coast -> ['website', 'twitter', 'facebook', 'instagram']
2026-01-31 10:39:20,024 [INFO] Enriched: LOU KAENA -> ['instagram']
2026-01-31 10:39:28,207 [INFO] Enriched: Krystall Poppin -> ['website', 'twitter', 'facebook', 'instagram']
2026-01-31 10:39:31,090 [INFO] Enriched: Petrina DeLacey -> ['twitter', 'instagram']
2026-01-31 10:39:33,953 [INFO] Enriched: Francesca Guccione -> ['website', 'facebook', 'instagram']
2026-01-31 10:39:41,386 [INFO] Enriched: JeanneTo -> ['facebook', 'instagram']
2026-01-31 10:39:49,710 [INFO] Enriched: Amil -> ['twitter', 'facebook', 'instagram']
2026-01-31 10:39:52,424 [INFO] Enriched: Leslie Hall -> ['website']
2026-01-31 10:39:55,213 [INFO] Enriched: George Ka -> ['facebook', 'instagram']
2026-01-31 10:39:57,928 [INFO] Enriched: Sombra Alor -> ['instagram']
2026-01-31 10:40:14,738 [INFO] Enriched: e5 -> ['twitter', 'instagram', 'tiktok']
2026-01-31 10:40:19,563 [INFO] Enriched: Jess Connelly -> ['website']
2026-01-31 10:40:22,598 [INFO] Enriched: Angie -> ['website', 'twitter', 'facebook', 'instagram']
2026-01-31 10:40:27,924 [INFO] Enriched: Anne Gadegaard -> ['website']
2026-01-31 10:40:30,659 [INFO] Enriched: F -> ['website']
2026-01-31 10:40:34,045 [INFO] Enriched: Ikinya -> ['website', 'twitter', 'facebook', 'instagram', 'tiktok']
2026-01-31 10:40:37,928 [INFO] Enriched: Blu Samu -> ['facebook', 'instagram']
2026-01-31 10:40:42,809 [INFO] Enriched: Brisa Flow -> ['twitter', 'instagram']
2026-01-31 10:40:46,255 [INFO] Enriched: TT the Artist -> ['website', 'facebook']
2026-01-31 10:40:58,537 [INFO] Enriched: Lil Cherry -> ['instagram', 'tiktok']
2026-01-31 10:41:01,270 [INFO] Enriched: Ysa -> ['facebook', 'instagram']
2026-01-31 10:41:04,403 [INFO] Enriched: Nadia Rose -> ['website', 'twitter', 'facebook', 'instagram']
2026-01-31 10:41:11,756 [INFO] Enriched: Chynna -> ['website', 'twitter', 'facebook', 'instagram']
2026-01-31 10:41:16,847 [INFO] Enriched: Kumbia Queers -> ['website', 'twitter', 'facebook']
2026-01-31 10:45:53,556 [INFO] Enriched: Seneca B -> ['facebook']
2026-01-31 10:47:50,511 [INFO] Enriched: 7xvethegenius -> ['website', 'twitter', 'facebook', 'instagram']
2026-01-31 10:47:53,254 [INFO] Enriched: Lyza Jane -> ['twitter']
2026-01-31 10:48:14,469 [INFO] Enriched: Animalisa Keys -> ['twitter', 'instagram']
2026-01-31 10:48:17,654 [INFO] Enriched: Dot Allison -> ['website', 'twitter']
2026-01-31 10:48:49,527 [INFO] Enriched: Alilo -> ['instagram']
2026-01-31 10:48:52,225 [INFO] Enriched: Karen LeFrak -> ['website']
2026-01-31 10:54:29,547 [INFO] Enriched: Rouge -> ['website', 'twitter', 'facebook', 'instagram']
2026-01-31 10:54:32,321 [INFO] [1100 processed, 641 enriched] Checking: Kara
2026-01-31 10:54:36,095 [INFO] Enriched: Kara -> ['website', 'twitter', 'facebook']
2026-01-31 10:54:36,127 [INFO] Saved (1100 processed, 642 enriched)
2026-01-31 10:54:38,883 [INFO] Enriched: OG MarlynMonROLLUP -> ['twitter', 'facebook', 'instagram']
2026-01-31 10:54:41,618 [INFO] Enriched: Surma -> ['twitter', 'facebook', 'instagram']
2026-01-31 10:54:51,750 [INFO] Enriched: Uzi Freyja -> ['facebook', 'instagram', 'tiktok']
2026-01-31 10:55:51,037 [INFO] Enriched: Yung FSK18 -> ['twitter', 'facebook', 'instagram']
2026-01-31 10:56:22,222 [INFO] Enriched: Khiva -> ['facebook']
2026-01-31 10:57:06,702 [INFO] Enriched: Trillary Banks -> ['twitter', 'instagram']
2026-01-31 10:57:12,272 [INFO] Enriched: Ame Bibabi -> ['tiktok']
2026-01-31 10:57:18,308 [INFO] Enriched: PHI NIX -> ['website', 'twitter', 'facebook', 'instagram']
2026-01-31 10:58:22,225 [INFO] Enriched: Adrijana -> ['facebook', 'instagram']
2026-01-31 10:58:47,877 [INFO] Enriched: Nancy Martinez -> ['facebook']
2026-01-31 10:58:50,726 [INFO] Enriched: Aisha Vibes -> ['facebook', 'instagram', 'tiktok']
2026-01-31 10:58:58,172 [INFO] Enriched: Genesisthegawd -> ['twitter', 'instagram']
2026-01-31 10:59:01,632 [INFO] Enriched: Devi Dev -> ['website', 'twitter', 'facebook', 'instagram']
2026-01-31 10:59:04,393 [INFO] Enriched: Misa -> ['website']
2026-01-31 10:59:17,083 [INFO] Enriched: Xania -> ['website', 'twitter', 'facebook']
2026-01-31 10:59:20,098 [INFO] Enriched: YFU Baby -> ['twitter', 'facebook', 'instagram', 'tiktok']
2026-01-31 10:59:33,759 [INFO] Enriched: Celo Minati -> ['instagram']
2026-01-31 11:00:31,463 [INFO] Enriched: NMN -> ['facebook', 'instagram']
2026-01-31 11:06:43,674 [INFO] Enriched: Yo-Yo -> ['website', 'twitter', 'facebook']
2026-01-31 11:09:51,363 [INFO] Enriched: Amber-Simone -> ['twitter', 'facebook']
2026-01-31 11:10:10,352 [INFO] Enriched: Brahny -> ['twitter', 'instagram']
2026-01-31 11:15:56,297 [INFO] Enriched: Isatta Sheriff -> ['twitter']
2026-01-31 11:16:01,956 [INFO] Enriched: StarrLight -> ['website', 'twitter', 'facebook', 'instagram']
2026-01-31 11:16:05,951 [INFO] Enriched: Kiersey Clemons -> ['twitter', 'instagram']
2026-01-31 11:16:10,144 [INFO] Enriched: Mrs. Nina Chartier -> ['facebook', 'instagram']
2026-01-31 11:16:14,745 [INFO] Enriched: River -> ['website', 'twitter', 'facebook']
2026-01-31 11:16:19,474 [INFO] Enriched: Pilz -> ['facebook', 'instagram']
2026-01-31 11:16:27,738 [INFO] Enriched: Xenia Pax -> ['twitter', 'facebook', 'instagram']
2026-01-31 11:16:30,508 [INFO] Enriched: A.I. The Anomaly -> ['facebook']
2026-01-31 11:16:33,649 [INFO] Enriched: Sira Faal -> ['tiktok', 'instagram']
2026-01-31 11:16:40,966 [INFO] Enriched: Poemme -> ['facebook']
2026-01-31 11:16:46,492 [INFO] Enriched: Miss Lafamilia -> ['twitter']
2026-01-31 11:16:49,700 [INFO] Enriched: Juno030 -> ['twitter', 'instagram']
2026-01-31 11:16:52,470 [INFO] Enriched: Carolyn Rodriguez -> ['website', 'twitter', 'facebook', 'instagram']
2026-01-31 11:16:55,202 [INFO] Enriched: The Real Meladee -> ['instagram']
2026-01-31 11:16:57,910 [INFO] Enriched: Yeboyah -> ['facebook', 'instagram']
2026-01-31 11:17:03,375 [INFO] Enriched: Rvyo -> ['instagram']
2026-01-31 11:17:06,292 [INFO] Enriched: Emerson -> ['website', 'facebook']
2026-01-31 11:17:09,071 [INFO] Enriched: Zelenooka -> ['instagram', 'tiktok']
2026-01-31 11:17:11,894 [INFO] Enriched: Mirele -> ['twitter', 'instagram']
2026-01-31 11:17:14,714 [INFO] Enriched: vicX -> ['instagram']
2026-01-31 11:17:17,419 [INFO] Enriched: ASTA NORR -> ['instagram', 'tiktok']
2026-01-31 11:17:34,907 [INFO] Enriched: Goldy.mp3 -> ['instagram']
2026-01-31 11:17:40,499 [INFO] Enriched: Miyuki Kuzuoka -> ['tiktok']
2026-01-31 11:17:43,227 [INFO] Enriched: Br3nya -> ['website', 'twitter', 'instagram']
2026-01-31 11:17:45,895 [INFO] Enriched: Izabell -> ['twitter', 'facebook', 'instagram']
2026-01-31 11:17:49,990 [INFO] Enriched: Amanda Blank -> ['website', 'facebook', 'instagram']
2026-01-31 11:17:55,408 [INFO] Enriched: Francesca Wexler -> ['twitter', 'instagram', 'tiktok']
2026-01-31 11:17:58,070 [INFO] Enriched: Giuli -> ['instagram']
2026-01-31 11:17:58,071 [INFO] [1200 processed, 691 enriched] Checking: Dea Bbz
2026-01-31 11:18:00,826 [INFO] Enriched: Dea Bbz -> ['instagram']
2026-01-31 11:18:00,858 [INFO] Saved (1200 processed, 692 enriched)
2026-01-31 11:18:03,588 [INFO] Enriched: Giant Pink -> ['website', 'facebook', 'instagram']
2026-01-31 11:18:06,264 [INFO] Enriched: JS -> ['facebook']
2026-01-31 11:18:10,239 [INFO] Enriched: BABY MALA -> ['instagram']
2026-01-31 11:18:19,315 [INFO] Enriched: Sara -> ['website', 'twitter', 'facebook', 'instagram']
2026-01-31 11:18:24,827 [INFO] Enriched: Iva Sativa -> ['twitter', 'instagram', 'tiktok']
2026-01-31 11:18:27,645 [INFO] Enriched: Janset -> ['facebook', 'instagram']
2026-01-31 11:18:35,605 [INFO] Enriched: Quay Dash -> ['twitter', 'instagram']
2026-01-31 11:18:38,403 [INFO] Enriched: S3nsi Molly -> ['instagram']
2026-01-31 11:18:43,408 [INFO] Enriched: Marci -> ['instagram']
2026-01-31 11:18:46,109 [INFO] Enriched: Breana Marin -> ['website', 'twitter', 'facebook']
2026-01-31 11:20:50,346 [INFO] Enriched: Gabz -> ['instagram']
2026-01-31 11:20:56,570 [INFO] Enriched: Sabrina Johnston -> ['facebook']
2026-01-31 11:21:01,958 [INFO] Enriched: Mackenzie Nicole -> ['twitter', 'facebook', 'instagram']
2026-01-31 11:21:07,256 [INFO] Enriched: Dena -> ['website', 'twitter', 'facebook', 'instagram']
2026-01-31 11:21:25,991 [INFO] Enriched: 1crusafix -> ['website', 'instagram']
2026-01-31 11:28:46,454 [INFO] Enriched: More -> ['website', 'twitter', 'facebook', 'instagram']
2026-01-31 11:28:49,273 [INFO] Enriched: Lady Waks -> ['website', 'twitter', 'facebook', 'instagram']
2026-01-31 11:29:09,338 [INFO] Enriched: Siamese -> ['website', 'twitter', 'facebook', 'instagram']
2026-01-31 11:29:12,106 [INFO] Enriched: Dai Burger -> ['website', 'twitter']
2026-01-31 11:35:34,456 [INFO] Enriched: Vanela -> ['twitter', 'facebook', 'instagram']
2026-01-31 11:35:45,479 [INFO] Enriched: Dyli -> ['twitter', 'facebook', 'instagram']
2026-01-31 11:35:51,027 [INFO] Enriched: Elsy Wameyo -> ['twitter', 'facebook']
2026-01-31 11:45:57,750 [INFO] Enriched: Yazmine -> ['twitter', 'instagram']
2026-01-31 11:47:35,275 [INFO] Enriched: La Gale -> ['facebook']
2026-01-31 11:48:30,761 [INFO] Enriched: Kidd Lee -> ['instagram']
2026-01-31 11:48:36,136 [INFO] Enriched: Lady Madlen -> ['instagram', 'facebook']
2026-01-31 11:48:39,103 [INFO] Enriched: Sofia Bolotina -> ['twitter', 'facebook', 'instagram']
2026-01-31 11:48:44,522 [INFO] Enriched: Kenzo B -> ['twitter', 'instagram']
2026-01-31 11:48:55,163 [INFO] Enriched: Parazar -> ['facebook', 'instagram']
2026-01-31 11:49:03,160 [INFO] Enriched: Eva Alordiah -> ['website', 'twitter']
2026-01-31 11:49:08,682 [INFO] Enriched: CYBER RUI -> ['twitter', 'instagram', 'tiktok']
2026-01-31 11:49:12,788 [INFO] Enriched: Vargkvint -> ['facebook']
2026-01-31 11:49:17,195 [INFO] Enriched: Suen -> ['instagram']
2026-01-31 11:49:19,895 [INFO] Enriched: Nina Utashiro -> ['instagram']
2026-01-31 11:49:23,881 [INFO] Enriched: Laura Intravia -> ['website', 'twitter', 'facebook']
2026-01-31 11:49:26,567 [INFO] Enriched: A.Girl -> ['facebook']
2026-01-31 11:49:29,458 [INFO] Enriched: Paytra -> ['twitter', 'facebook', 'instagram']
2026-01-31 11:49:34,782 [INFO] Enriched: Kalenna -> ['facebook', 'instagram', 'twitter']
2026-01-31 11:49:37,466 [INFO] Enriched: Blac Chyna -> ['website', 'twitter', 'facebook']
2026-01-31 11:49:40,309 [INFO] Enriched: Nel Swerts -> ['website', 'instagram']
2026-01-31 11:49:43,012 [INFO] Enriched: Paris Jones -> ['website', 'twitter', 'facebook']
2026-01-31 11:49:45,709 [INFO] Enriched: Bun.E -> ['twitter', 'instagram']
2026-01-31 11:49:55,777 [INFO] Enriched: Maama Ganja -> ['facebook', 'instagram']
2026-01-31 11:50:00,359 [INFO] Enriched: Luna Is A Bep -> ['instagram']
2026-01-31 11:50:03,033 [INFO] Enriched: Lady Lykez -> ['website', 'twitter']
2026-01-31 11:50:06,346 [INFO] Enriched: Mimi Barks -> ['website', 'twitter', 'facebook', 'instagram', 'tiktok']
2026-01-31 11:50:14,357 [INFO] Enriched: Valen Etchegoyen -> ['twitter', 'facebook', 'instagram', 'tiktok']
2026-01-31 11:50:14,359 [INFO] [1300 processed, 739 enriched] Checking: Mora Navarro
2026-01-31 11:50:17,924 [INFO] Enriched: Mora Navarro -> ['facebook', 'instagram', 'tiktok']
2026-01-31 11:50:17,957 [INFO] Saved (1300 processed, 740 enriched)
2026-01-31 11:50:24,325 [INFO] Enriched: Dara Taylor -> ['website']
2026-01-31 11:50:30,742 [INFO] Enriched: Kelli Ali -> ['website', 'twitter', 'facebook', 'instagram']
2026-01-31 11:50:33,586 [INFO] Enriched: Alicia. -> ['website', 'twitter', 'facebook', 'instagram', 'tiktok']
2026-01-31 11:50:36,252 [INFO] Enriched: Gifted Gab -> ['website', 'facebook', 'instagram']
2026-01-31 11:50:44,470 [INFO] Enriched: TeraCMusic -> ['twitter', 'facebook']
2026-01-31 11:50:50,011 [INFO] Enriched: NATIA -> ['instagram', 'tiktok']
2026-01-31 11:50:52,681 [INFO] Enriched: Linda Wagenmakers -> ['website', 'twitter', 'facebook', 'instagram']
2026-01-31 11:50:55,806 [INFO] Enriched: Kaakie -> ['twitter']
2026-01-31 11:50:58,505 [INFO] Enriched: Kali Ninmah -> ['twitter', 'instagram']
2026-01-31 11:51:01,217 [INFO] Enriched: Rican Da Menace -> ['twitter', 'facebook', 'instagram']
2026-01-31 11:51:09,357 [INFO] Enriched: Patient Zero -> ['twitter']
2026-01-31 11:51:17,004 [INFO] Enriched: Juju Fitcats -> ['twitter', 'facebook', 'instagram', 'tiktok']
2026-01-31 11:51:21,894 [INFO] Enriched: Claudie Mackula -> ['website', 'facebook']
2026-01-31 11:51:24,671 [INFO] Enriched: Elle B -> ['website', 'facebook', 'instagram']
2026-01-31 11:51:30,190 [INFO] Enriched: Linda Vidala -> ['website']
2026-01-31 11:51:42,742 [INFO] Enriched: Inka -> ['website']
2026-01-31 11:51:45,414 [INFO] Enriched: Miss Lady Pinks -> ['twitter', 'facebook', 'instagram']
2026-01-31 11:51:48,251 [INFO] Enriched: pinoko -> ['twitter', 'instagram']
2026-01-31 11:51:51,950 [INFO] Enriched: Lay Low -> ['website', 'facebook']
2026-01-31 11:51:58,285 [INFO] Enriched: Neotropic -> ['website', 'twitter', 'facebook', 'instagram']
2026-01-31 11:52:03,830 [INFO] Enriched: Josi Miller -> ['instagram']
2026-01-31 11:52:06,593 [INFO] Enriched: Mihaela Runceanu -> ['website', 'facebook']
2026-01-31 11:52:09,476 [INFO] Enriched: Nezi Momodu -> ['website', 'twitter', 'instagram']
2026-01-31 11:52:12,157 [INFO] Enriched: Zencilla -> ['instagram']
2026-01-31 11:52:15,136 [INFO] Enriched: Huda -> ['instagram']
2026-01-31 11:52:23,539 [INFO] Enriched: Ocean Kelly -> ['twitter', 'instagram']
2026-01-31 11:52:28,601 [INFO] Enriched: J NOA -> ['instagram']
2026-01-31 11:52:34,353 [INFO] Enriched: Bogi -> ['website', 'facebook']
2026-01-31 11:52:39,295 [INFO] Enriched: Rola -> ['website', 'twitter', 'facebook', 'instagram']
2026-01-31 11:52:46,165 [INFO] Enriched: Speech Debelle -> ['website', 'twitter']
2026-01-31 11:52:48,865 [INFO] Enriched: Miniko Mew -> ['twitter']
2026-01-31 11:52:51,558 [INFO] Enriched: Weird MC -> ['facebook']
2026-01-31 11:52:57,494 [INFO] Enriched: Veronica Vega -> ['twitter', 'instagram']
2026-01-31 11:53:04,868 [INFO] Enriched: Brooklyn Queen -> ['twitter', 'facebook', 'instagram']
2026-01-31 11:53:10,159 [INFO] Enriched: Audry Funk -> ['website', 'twitter', 'facebook']
2026-01-31 11:53:15,606 [INFO] Enriched: Lovesomemama -> ['instagram']
2026-01-31 11:53:21,556 [INFO] Enriched: sika rlion -> ['instagram']
2026-01-31 11:53:31,121 [INFO] Enriched: 4ria -> ['instagram']
2026-01-31 11:53:33,818 [INFO] Enriched: Emma Beko -> ['website', 'facebook', 'instagram']
2026-01-31 11:53:36,556 [INFO] Enriched: Tiah -> ['facebook', 'instagram']
2026-01-31 11:53:48,325 [INFO] Enriched: Rossella Essence -> ['instagram']
2026-01-31 11:53:53,725 [INFO] Enriched: Bryce Dallas Howard -> ['website', 'twitter', 'facebook', 'instagram']
2026-01-31 11:53:56,374 [INFO] Enriched: Queen Lee -> ['instagram']
2026-01-31 11:53:59,016 [INFO] Enriched: Ncognita -> ['twitter', 'instagram']
2026-01-31 11:54:01,716 [INFO] Enriched: LILA SOVIA -> ['instagram']
2026-01-31 11:54:07,153 [INFO] Enriched: Often -> ['website', 'instagram']
2026-01-31 11:54:16,648 [INFO] Enriched: Saaaz -> ['instagram', 'facebook']
2026-01-31 11:54:22,008 [INFO] Enriched: NIKE101 -> ['instagram']
2026-01-31 11:54:39,499 [INFO] Enriched: Sharyn Maceren -> ['website']
2026-01-31 12:05:30,790 [INFO] Enriched: Dominique Young Unique -> ['website', 'twitter', 'facebook']
2026-01-31 12:05:33,647 [INFO] Enriched: Cora E. -> ['facebook', 'instagram']
2026-01-31 12:05:37,321 [INFO] Enriched: Malla -> ['facebook', 'instagram']
2026-01-31 12:05:43,159 [INFO] Enriched: scumie -> ['instagram']
2026-01-31 12:06:10,747 [INFO] Enriched: Shei -> ['website']
2026-01-31 12:06:14,774 [INFO] [1400 processed, 794 enriched] Checking: Amandine Moulin
2026-01-31 12:06:26,922 [INFO] Enriched: Vera Bila -> ['website']
2026-01-31 12:06:43,816 [INFO] Enriched: Nainita Desai -> ['website', 'twitter', 'facebook', 'instagram']
2026-01-31 12:07:59,879 [INFO] Enriched: Lasole -> ['instagram']
2026-01-31 12:08:21,293 [INFO] Enriched: Tia Talks -> ['instagram']
2026-01-31 12:08:27,238 [INFO] Enriched: Buzy -> ['website']
2026-01-31 12:08:57,985 [INFO] Enriched: Candela Cuore -> ['instagram']
2026-01-31 12:11:49,140 [INFO] Enriched: Cocc Pistol Cree -> ['website', 'twitter', 'facebook', 'instagram']
2026-01-31 12:11:51,852 [INFO] Enriched: Omega -> ['website', 'facebook']
2026-01-31 12:11:54,748 [INFO] Enriched: Bootychaaain -> ['instagram']
2026-01-31 12:12:01,606 [INFO] Enriched: Divinity Roxx -> ['twitter', 'facebook', 'instagram']
2026-01-31 12:22:34,193 [INFO] Enriched: Bush.ida -> ['instagram']
2026-01-31 12:22:37,937 [INFO] Enriched: SKYLER -> ['website', 'facebook', 'instagram']
2026-01-31 12:22:50,078 [INFO] Enriched: Noti Flow -> ['twitter', 'facebook', 'instagram']
2026-01-31 12:22:52,750 [INFO] Enriched: Carmen Stefanescu -> ['website', 'facebook']
2026-01-31 12:23:01,029 [INFO] Enriched: Yuzion -> ['instagram']
2026-01-31 12:23:03,862 [INFO] Enriched: Sally -> ['website', 'twitter', 'facebook', 'instagram', 'tiktok']
2026-01-31 12:42:16,997 [INFO] Enriched: pHoenix Pagliacci -> ['website']
2026-01-31 12:42:19,865 [INFO] Enriched: Cachita -> ['instagram']
2026-01-31 12:42:56,886 [INFO] Enriched: Tasha Catour -> ['twitter', 'facebook', 'instagram']
2026-01-31 12:42:59,733 [INFO] Enriched: Orchid -> ['instagram']
2026-01-31 12:43:07,756 [INFO] Enriched: Scarlett Wolf -> ['instagram']
2026-01-31 12:46:39,226 [INFO] Enriched: L1LY -> ['twitter', 'instagram']
2026-01-31 12:51:24,818 [INFO] Enriched: El Stefanato -> ['instagram']
2026-01-31 12:59:25,816 [INFO] Enriched: Olly Anna -> ['website', 'twitter', 'instagram']
2026-01-31 13:03:09,464 [INFO] Enriched: Mizz Nina -> ['website', 'twitter', 'facebook', 'instagram']
2026-01-31 13:04:30,548 [INFO] Enriched: Hanna Noir -> ['instagram']
2026-01-31 13:06:45,365 [INFO] Enriched: ESKA -> ['website', 'twitter', 'facebook']
2026-01-31 13:07:04,937 [INFO] Enriched: SASHA SATHYA -> ['facebook', 'instagram']
2026-01-31 13:07:04,968 [INFO] ==================================================
2026-01-31 13:07:04,968 [INFO] COMPLETE: 1471 checked, 822 enriched
2026-01-31 13:07:04,968 [INFO] ==================================================
